<?xml version="1.0" encoding="UTF-8"?>
<testsuite name="hstest.MinesweeperTest" tests="1" skipped="0" failures="0" errors="0" timestamp="2022-12-01T20:28:52" hostname="Aleksandr" time="3.638">
  <properties/>
  <testcase name="start" classname="hstest.MinesweeperTest" time="3.638"/>
  <system-out><![CDATA[?[1;31m
Start test 1?[0m
How many mines do you want on the field?
> 1
 │123456789│
—│—————————│
1│.........│
2│.........│
3│.........│
4│.........│
5│.........│
6│.........│
7│.........│
8│.........│
9│.........│
—│—————————│
Set/unset mines marks or claim a cell as free:
> 7 3 mine
 │123456789│
—│—————————│
1│.........│
2│.........│
3│......*..│
4│.........│
5│.........│
6│.........│
7│.........│
8│.........│
9│.........│
—│—————————│
Set/unset mines marks or claim a cell as free:
> 8 6 free
 │123456789│
—│—————————│
1│..1//////│
2│..1//////│
3│111//////│
4│/////////│
5│/////////│
6│/////////│
7│/////////│
8│/////////│
9│/////////│
—│—————————│
Set/unset mines marks or claim a cell as free:
> 1 2 free
 │123456789│
—│—————————│
1│..1//////│
2│1.1//////│
3│111//////│
4│/////////│
5│/////////│
6│/////////│
7│/////////│
8│/////////│
9│/////////│
—│—————————│
Set/unset mines marks or claim a cell as free:
> 1 1 free
 │123456789│
—│—————————│
1│1.1//////│
2│1.1//////│
3│111//////│
4│/////////│
5│/////////│
6│/////////│
7│/////////│
8│/////////│
9│/////////│
—│—————————│
Congratulations! You found all the mines!
?[1;31m
Start test 2?[0m
How many mines do you want on the field?
> 1
 │123456789│
—│—————————│
1│.........│
2│.........│
3│.........│
4│.........│
5│.........│
6│.........│
7│.........│
8│.........│
9│.........│
—│—————————│
Set/unset mines marks or claim a cell as free:
> 6 1 free
 │123456789│
—│—————————│
1│/////////│
2│/////////│
3│//111////│
4│//1.1////│
5│//111////│
6│/////////│
7│/////////│
8│/////////│
9│/////////│
—│—————————│
Set/unset mines marks or claim a cell as free:
> 4 4 free
 │123456789│
—│—————————│
1│/////////│
2│/////////│
3│//111////│
4│//1X1////│
5│//111////│
6│/////////│
7│/////////│
8│/////////│
9│/////////│
—│—————————│
You stepped on a mine and failed!
?[1;31m
Start test 3?[0m
How many mines do you want on the field?
> 1
 │123456789│
—│—————————│
1│.........│
2│.........│
3│.........│
4│.........│
5│.........│
6│.........│
7│.........│
8│.........│
9│.........│
—│—————————│
Set/unset mines marks or claim a cell as free:
> 7 9 mine
 │123456789│
—│—————————│
1│.........│
2│.........│
3│.........│
4│.........│
5│.........│
6│.........│
7│.........│
8│.........│
9│......*..│
—│—————————│
Set/unset mines marks or claim a cell as free:
> 7 5 mine
 │123456789│
—│—————————│
1│.........│
2│.........│
3│.........│
4│.........│
5│......*..│
6│.........│
7│.........│
8│.........│
9│......*..│
—│—————————│
Set/unset mines marks or claim a cell as free:
> 6 2 mine
 │123456789│
—│—————————│
1│.........│
2│.....*...│
3│.........│
4│.........│
5│......*..│
6│.........│
7│.........│
8│.........│
9│......*..│
—│—————————│
Set/unset mines marks or claim a cell as free:
> 7 2 mine
 │123456789│
—│—————————│
1│.........│
2│.....**..│
3│.........│
4│.........│
5│......*..│
6│.........│
7│.........│
8│.........│
9│......*..│
—│—————————│
Set/unset mines marks or claim a cell as free:
> 7 1 mine
 │123456789│
—│—————————│
1│......*..│
2│.....**..│
3│.........│
4│.........│
5│......*..│
6│.........│
7│.........│
8│.........│
9│......*..│
—│—————————│
Set/unset mines marks or claim a cell as free:
> 4 4 free
 │123456789│
—│—————————│
1│......*..│
2│.....**..│
3│.........│
4│...1.....│
5│......*..│
6│.........│
7│.........│
8│.........│
9│......*..│
—│—————————│
Set/unset mines marks or claim a cell as free:
> 8 4 free
 │123456789│
—│—————————│
1│/////////│
2│/////////│
3│/////////│
4│///111///│
5│///1.1///│
6│///111///│
7│/////////│
8│/////////│
9│/////////│
—│—————————│
Set/unset mines marks or claim a cell as free:
> 5 5 free
 │123456789│
—│—————————│
1│/////////│
2│/////////│
3│/////////│
4│///111///│
5│///1X1///│
6│///111///│
7│/////////│
8│/////////│
9│/////////│
—│—————————│
You stepped on a mine and failed!
?[1;31m
Start test 4?[0m
How many mines do you want on the field?
> 1
 │123456789│
—│—————————│
1│.........│
2│.........│
3│.........│
4│.........│
5│.........│
6│.........│
7│.........│
8│.........│
9│.........│
—│—————————│
Set/unset mines marks or claim a cell as free:
> 3 9 free
 │123456789│
—│—————————│
1│/////1.1/│
2│/////1.1/│
3│/////111/│
4│/////////│
5│/////////│
6│/////////│
7│/////////│
8│/////////│
9│/////////│
—│—————————│
Congratulations! You found all the mines!
?[1;31m
Start test 5?[0m
How many mines do you want on the field?
> 1
 │123456789│
—│—————————│
1│.........│
2│.........│
3│.........│
4│.........│
5│.........│
6│.........│
7│.........│
8│.........│
9│.........│
—│—————————│
Set/unset mines marks or claim a cell as free:
> 1 8 mine
 │123456789│
—│—————————│
1│.........│
2│.........│
3│.........│
4│.........│
5│.........│
6│.........│
7│.........│
8│*........│
9│.........│
—│—————————│
Set/unset mines marks or claim a cell as free:
> 3 8 free
 │123456789│
—│—————————│
1│/////////│
2│/////////│
3│/////////│
4│/////////│
5│11///////│
6│.1///////│
7│11///////│
8│/////////│
9│/////////│
—│—————————│
Set/unset mines marks or claim a cell as free:
> 1 6 free
 │123456789│
—│—————————│
1│/////////│
2│/////////│
3│/////////│
4│/////////│
5│11///////│
6│X1///////│
7│11///////│
8│/////////│
9│/////////│
—│—————————│
You stepped on a mine and failed!
?[1;31m
Start test 6?[0m
How many mines do you want on the field?
> 1
 │123456789│
—│—————————│
1│.........│
2│.........│
3│.........│
4│.........│
5│.........│
6│.........│
7│.........│
8│.........│
9│.........│
—│—————————│
Set/unset mines marks or claim a cell as free:
> 4 3 mine
 │123456789│
—│—————————│
1│.........│
2│.........│
3│...*.....│
4│.........│
5│.........│
6│.........│
7│.........│
8│.........│
9│.........│
—│—————————│
Set/unset mines marks or claim a cell as free:
> 6 7 free
 │123456789│
—│—————————│
1│/////////│
2│/////////│
3│/////////│
4│///111///│
5│///1.1///│
6│///111///│
7│/////////│
8│/////////│
9│/////////│
—│—————————│
Set/unset mines marks or claim a cell as free:
> 5 5 free
 │123456789│
—│—————————│
1│/////////│
2│/////////│
3│/////////│
4│///111///│
5│///1X1///│
6│///111///│
7│/////////│
8│/////////│
9│/////////│
—│—————————│
You stepped on a mine and failed!
?[1;31m
Start test 7?[0m
How many mines do you want on the field?
> 1
 │123456789│
—│—————————│
1│.........│
2│.........│
3│.........│
4│.........│
5│.........│
6│.........│
7│.........│
8│.........│
9│.........│
—│—————————│
Set/unset mines marks or claim a cell as free:
> 9 7 mine
 │123456789│
—│—————————│
1│.........│
2│.........│
3│.........│
4│.........│
5│.........│
6│.........│
7│........*│
8│.........│
9│.........│
—│—————————│
Set/unset mines marks or claim a cell as free:
> 8 1 free
 │123456789│
—│—————————│
1│/////////│
2│111//////│
3│..1//////│
4│111//////│
5│/////////│
6│/////////│
7│/////////│
8│/////////│
9│/////////│
—│—————————│
Congratulations! You found all the mines!
?[1;31m
Start test 8?[0m
How many mines do you want on the field?
> 1
 │123456789│
—│—————————│
1│.........│
2│.........│
3│.........│
4│.........│
5│.........│
6│.........│
7│.........│
8│.........│
9│.........│
—│—————————│
Set/unset mines marks or claim a cell as free:
> 1 1 mine
 │123456789│
—│—————————│
1│*........│
2│.........│
3│.........│
4│.........│
5│.........│
6│.........│
7│.........│
8│.........│
9│.........│
—│—————————│
Set/unset mines marks or claim a cell as free:
> 4 2 free
 │123456789│
—│—————————│
1│/////////│
2│/////////│
3│/////////│
4│/////////│
5│/////////│
6│/////////│
7│/////////│
8│111//////│
9│..1//////│
—│—————————│
Congratulations! You found all the mines!
?[1;31m
Start test 9?[0m
How many mines do you want on the field?
> 1
 │123456789│
—│—————————│
1│.........│
2│.........│
3│.........│
4│.........│
5│.........│
6│.........│
7│.........│
8│.........│
9│.........│
—│—————————│
Set/unset mines marks or claim a cell as free:
> 9 4 mine
 │123456789│
—│—————————│
1│.........│
2│.........│
3│.........│
4│........*│
5│.........│
6│.........│
7│.........│
8│.........│
9│.........│
—│—————————│
Set/unset mines marks or claim a cell as free:
> 1 4 mine
 │123456789│
—│—————————│
1│.........│
2│.........│
3│.........│
4│*.......*│
5│.........│
6│.........│
7│.........│
8│.........│
9│.........│
—│—————————│
Set/unset mines marks or claim a cell as free:
> 4 3 mine
 │123456789│
—│—————————│
1│.........│
2│.........│
3│...*.....│
4│*.......*│
5│.........│
6│.........│
7│.........│
8│.........│
9│.........│
—│—————————│
Set/unset mines marks or claim a cell as free:
> 9 4 mine
 │123456789│
—│—————————│
1│.........│
2│.........│
3│...*.....│
4│*........│
5│.........│
6│.........│
7│.........│
8│.........│
9│.........│
—│—————————│
Set/unset mines marks or claim a cell as free:
> 5 7 free
 │123456789│
—│—————————│
1│.........│
2│.........│
3│...*.....│
4│*........│
5│.........│
6│.........│
7│....1....│
8│.........│
9│.........│
—│—————————│
Set/unset mines marks or claim a cell as free:
> 6 4 free
 │123456789│
—│—————————│
1│/////////│
2│/////////│
3│/////////│
4│/////////│
5│/////////│
6│/////////│
7│////111//│
8│////1.1//│
9│////1.1//│
—│—————————│
Congratulations! You found all the mines!
?[1;31m
Start test 10?[0m
How many mines do you want on the field?
> 1
 │123456789│
—│—————————│
1│.........│
2│.........│
3│.........│
4│.........│
5│.........│
6│.........│
7│.........│
8│.........│
9│.........│
—│—————————│
Set/unset mines marks or claim a cell as free:
> 3 5 free
 │123456789│
—│—————————│
1│/////////│
2│/////////│
3│/////////│
4│/////////│
5│/////////│
6│/////////│
7│11///////│
8│.1///////│
9│.1///////│
—│—————————│
Congratulations! You found all the mines!
?[1;31m
Start test 11?[0m
How many mines do you want on the field?
> 1
 │123456789│
—│—————————│
1│.........│
2│.........│
3│.........│
4│.........│
5│.........│
6│.........│
7│.........│
8│.........│
9│.........│
—│—————————│
Set/unset mines marks or claim a cell as free:
> 5 8 free
 │123456789│
—│—————————│
1│/////1.1/│
2│/////111/│
3│/////////│
4│/////////│
5│/////////│
6│/////////│
7│/////////│
8│/////////│
9│/////////│
—│—————————│
Set/unset mines marks or claim a cell as free:
> 7 1 mine
 │123456789│
—│—————————│
1│/////1*1/│
2│/////111/│
3│/////////│
4│/////////│
5│/////////│
6│/////////│
7│/////////│
8│/////////│
9│/////////│
—│—————————│
Congratulations! You found all the mines!
?[1;31m
Start test 12?[0m
How many mines do you want on the field?
> 1
 │123456789│
—│—————————│
1│.........│
2│.........│
3│.........│
4│.........│
5│.........│
6│.........│
7│.........│
8│.........│
9│.........│
—│—————————│
Set/unset mines marks or claim a cell as free:
> 7 2 mine
 │123456789│
—│—————————│
1│.........│
2│......*..│
3│.........│
4│.........│
5│.........│
6│.........│
7│.........│
8│.........│
9│.........│
—│—————————│
Set/unset mines marks or claim a cell as free:
> 3 1 free
 │123456789│
—│—————————│
1│/////////│
2│/////////│
3│/////////│
4│/////////│
5│/////////│
6│//111////│
7│//1.1////│
8│//111////│
9│/////////│
—│—————————│
Set/unset mines marks or claim a cell as free:
> 4 7 free
 │123456789│
—│—————————│
1│/////////│
2│/////////│
3│/////////│
4│/////////│
5│/////////│
6│//111////│
7│//1X1////│
8│//111////│
9│/////////│
—│—————————│
You stepped on a mine and failed!
?[1;31m
Start test 13?[0m
How many mines do you want on the field?
> 1
 │123456789│
—│—————————│
1│.........│
2│.........│
3│.........│
4│.........│
5│.........│
6│.........│
7│.........│
8│.........│
9│.........│
—│—————————│
Set/unset mines marks or claim a cell as free:
> 9 2 mine
 │123456789│
—│—————————│
1│.........│
2│........*│
3│.........│
4│.........│
5│.........│
6│.........│
7│.........│
8│.........│
9│.........│
—│—————————│
Set/unset mines marks or claim a cell as free:
> 7 7 mine
 │123456789│
—│—————————│
1│.........│
2│........*│
3│.........│
4│.........│
5│.........│
6│.........│
7│......*..│
8│.........│
9│.........│
—│—————————│
Set/unset mines marks or claim a cell as free:
> 4 4 free
 │123456789│
—│—————————│
1│/////////│
2│/////////│
3│111//////│
4│..1//////│
5│111//////│
6│/////////│
7│/////////│
8│/////////│
9│/////////│
—│—————————│
Congratulations! You found all the mines!
?[1;31m
Start test 14?[0m
How many mines do you want on the field?
> 1
 │123456789│
—│—————————│
1│.........│
2│.........│
3│.........│
4│.........│
5│.........│
6│.........│
7│.........│
8│.........│
9│.........│
—│—————————│
Set/unset mines marks or claim a cell as free:
> 3 6 free
 │123456789│
—│—————————│
1│/////////│
2│/////////│
3│/////////│
4│/////////│
5│/////////│
6│///111///│
7│///1.1///│
8│///111///│
9│/////////│
—│—————————│
Set/unset mines marks or claim a cell as free:
> 5 7 free
 │123456789│
—│—————————│
1│/////////│
2│/////////│
3│/////////│
4│/////////│
5│/////////│
6│///111///│
7│///1X1///│
8│///111///│
9│/////////│
—│—————————│
You stepped on a mine and failed!
?[1;31m
Start test 15?[0m
How many mines do you want on the field?
> 1
 │123456789│
—│—————————│
1│.........│
2│.........│
3│.........│
4│.........│
5│.........│
6│.........│
7│.........│
8│.........│
9│.........│
—│—————————│
Set/unset mines marks or claim a cell as free:
> 1 9 free
 │123456789│
—│—————————│
1│/////////│
2│/////////│
3│/////////│
4│/////////│
5│/////////│
6│////111//│
7│////1.1//│
8│////111//│
9│/////////│
—│—————————│
Set/unset mines marks or claim a cell as free:
> 6 7 mine
 │123456789│
—│—————————│
1│/////////│
2│/////////│
3│/////////│
4│/////////│
5│/////////│
6│////111//│
7│////1*1//│
8│////111//│
9│/////////│
—│—————————│
Congratulations! You found all the mines!
?[1;31m
Start test 16?[0m
How many mines do you want on the field?
> 1
 │123456789│
—│—————————│
1│.........│
2│.........│
3│.........│
4│.........│
5│.........│
6│.........│
7│.........│
8│.........│
9│.........│
—│—————————│
Set/unset mines marks or claim a cell as free:
> 4 6 mine
 │123456789│
—│—————————│
1│.........│
2│.........│
3│.........│
4│.........│
5│.........│
6│...*.....│
7│.........│
8│.........│
9│.........│
—│—————————│
Set/unset mines marks or claim a cell as free:
> 4 6 mine
 │123456789│
—│—————————│
1│.........│
2│.........│
3│.........│
4│.........│
5│.........│
6│.........│
7│.........│
8│.........│
9│.........│
—│—————————│
Set/unset mines marks or claim a cell as free:
> 3 9 mine
 │123456789│
—│—————————│
1│.........│
2│.........│
3│.........│
4│.........│
5│.........│
6│.........│
7│.........│
8│.........│
9│..*......│
—│—————————│
Set/unset mines marks or claim a cell as free:
> 7 6 free
 │123456789│
—│—————————│
1│/////////│
2│/////////│
3│/////////│
4│/////////│
5│/////////│
6│/////////│
7│/////////│
8│//////111│
9│//////1..│
—│—————————│
Congratulations! You found all the mines!
?[1;31m
Start test 17?[0m
How many mines do you want on the field?
> 1
 │123456789│
—│—————————│
1│.........│
2│.........│
3│.........│
4│.........│
5│.........│
6│.........│
7│.........│
8│.........│
9│.........│
—│—————————│
Set/unset mines marks or claim a cell as free:
> 5 1 mine
 │123456789│
—│—————————│
1│....*....│
2│.........│
3│.........│
4│.........│
5│.........│
6│.........│
7│.........│
8│.........│
9│.........│
—│—————————│
Set/unset mines marks or claim a cell as free:
> 5 1 mine
 │123456789│
—│—————————│
1│.........│
2│.........│
3│.........│
4│.........│
5│.........│
6│.........│
7│.........│
8│.........│
9│.........│
—│—————————│
Set/unset mines marks or claim a cell as free:
> 3 2 free
 │123456789│
—│—————————│
1│.........│
2│..1......│
3│.........│
4│.........│
5│.........│
6│.........│
7│.........│
8│.........│
9│.........│
—│—————————│
Set/unset mines marks or claim a cell as free:
> 8 1 free
 │123456789│
—│—————————│
1│/////////│
2│111//////│
3│..1//////│
4│111//////│
5│/////////│
6│/////////│
7│/////////│
8│/////////│
9│/////////│
—│—————————│
Congratulations! You found all the mines!
?[1;31m
Start test 18?[0m
How many mines do you want on the field?
> 1
 │123456789│
—│—————————│
1│.........│
2│.........│
3│.........│
4│.........│
5│.........│
6│.........│
7│.........│
8│.........│
9│.........│
—│—————————│
Set/unset mines marks or claim a cell as free:
> 4 3 mine
 │123456789│
—│—————————│
1│.........│
2│.........│
3│...*.....│
4│.........│
5│.........│
6│.........│
7│.........│
8│.........│
9│.........│
—│—————————│
Set/unset mines marks or claim a cell as free:
> 7 4 mine
 │123456789│
—│—————————│
1│.........│
2│.........│
3│...*.....│
4│......*..│
5│.........│
6│.........│
7│.........│
8│.........│
9│.........│
—│—————————│
Set/unset mines marks or claim a cell as free:
> 7 4 mine
 │123456789│
—│—————————│
1│.........│
2│.........│
3│...*.....│
4│.........│
5│.........│
6│.........│
7│.........│
8│.........│
9│.........│
—│—————————│
Set/unset mines marks or claim a cell as free:
> 8 5 free
 │123456789│
—│—————————│
1│/////////│
2│/////////│
3│11///////│
4│.1///////│
5│11///////│
6│/////////│
7│/////////│
8│/////////│
9│/////////│
—│—————————│
Set/unset mines marks or claim a cell as free:
> 1 4 free
 │123456789│
—│—————————│
1│/////////│
2│/////////│
3│11///////│
4│X1///////│
5│11///////│
6│/////////│
7│/////////│
8│/////////│
9│/////////│
—│—————————│
You stepped on a mine and failed!
?[1;31m
Start test 19?[0m
How many mines do you want on the field?
> 1
 │123456789│
—│—————————│
1│.........│
2│.........│
3│.........│
4│.........│
5│.........│
6│.........│
7│.........│
8│.........│
9│.........│
—│—————————│
Set/unset mines marks or claim a cell as free:
> 9 7 mine
 │123456789│
—│—————————│
1│.........│
2│.........│
3│.........│
4│.........│
5│.........│
6│.........│
7│........*│
8│.........│
9│.........│
—│—————————│
Set/unset mines marks or claim a cell as free:
> 4 5 free
 │123456789│
—│—————————│
1│.........│
2│.........│
3│.........│
4│.........│
5│...1.....│
6│.........│
7│........*│
8│.........│
9│.........│
—│—————————│
Set/unset mines marks or claim a cell as free:
> 7 2 free
 │123456789│
—│—————————│
1│/////////│
2│/////////│
3│///111///│
4│///1.1///│
5│///111///│
6│/////////│
7│/////////│
8│/////////│
9│/////////│
—│—————————│
Set/unset mines marks or claim a cell as free:
> 5 4 mine
 │123456789│
—│—————————│
1│/////////│
2│/////////│
3│///111///│
4│///1*1///│
5│///111///│
6│/////////│
7│/////////│
8│/////////│
9│/////////│
—│—————————│
Congratulations! You found all the mines!
?[1;31m
Start test 20?[0m
How many mines do you want on the field?
> 1
 │123456789│
—│—————————│
1│.........│
2│.........│
3│.........│
4│.........│
5│.........│
6│.........│
7│.........│
8│.........│
9│.........│
—│—————————│
Set/unset mines marks or claim a cell as free:
> 7 3 mine
 │123456789│
—│—————————│
1│.........│
2│.........│
3│......*..│
4│.........│
5│.........│
6│.........│
7│.........│
8│.........│
9│.........│
—│—————————│
Set/unset mines marks or claim a cell as free:
> 2 7 mine
 │123456789│
—│—————————│
1│.........│
2│.........│
3│......*..│
4│.........│
5│.........│
6│.........│
7│.*.......│
8│.........│
9│.........│
—│—————————│
Set/unset mines marks or claim a cell as free:
> 7 4 mine
 │123456789│
—│—————————│
1│.........│
2│.........│
3│......*..│
4│......*..│
5│.........│
6│.........│
7│.*.......│
8│.........│
9│.........│
—│—————————│
Set/unset mines marks or claim a cell as free:
> 9 9 free
 │123456789│
—│—————————│
1│/////////│
2│/////////│
3│/////////│
4│/////////│
5│111//////│
6│..1//////│
7│111//////│
8│/////////│
9│/////////│
—│—————————│
Congratulations! You found all the mines!
?[1;31m
Start test 21?[0m
How many mines do you want on the field?
> 2
 │123456789│
—│—————————│
1│.........│
2│.........│
3│.........│
4│.........│
5│.........│
6│.........│
7│.........│
8│.........│
9│.........│
—│—————————│
Set/unset mines marks or claim a cell as free:
> 8 4 mine
 │123456789│
—│—————————│
1│.........│
2│.........│
3│.........│
4│.......*.│
5│.........│
6│.........│
7│.........│
8│.........│
9│.........│
—│—————————│
Set/unset mines marks or claim a cell as free:
> 8 4 mine
 │123456789│
—│—————————│
1│.........│
2│.........│
3│.........│
4│.........│
5│.........│
6│.........│
7│.........│
8│.........│
9│.........│
—│—————————│
Set/unset mines marks or claim a cell as free:
> 8 8 mine
 │123456789│
—│—————————│
1│.........│
2│.........│
3│.........│
4│.........│
5│.........│
6│.........│
7│.........│
8│.......*.│
9│.........│
—│—————————│
Set/unset mines marks or claim a cell as free:
> 3 2 mine
 │123456789│
—│—————————│
1│.........│
2│..*......│
3│.........│
4│.........│
5│.........│
6│.........│
7│.........│
8│.......*.│
9│.........│
—│—————————│
Set/unset mines marks or claim a cell as free:
> 8 8 mine
 │123456789│
—│—————————│
1│.........│
2│..*......│
3│.........│
4│.........│
5│.........│
6│.........│
7│.........│
8│.........│
9│.........│
—│—————————│
Set/unset mines marks or claim a cell as free:
> 2 5 mine
 │123456789│
—│—————————│
1│.........│
2│..*......│
3│.........│
4│.........│
5│.*.......│
6│.........│
7│.........│
8│.........│
9│.........│
—│—————————│
Set/unset mines marks or claim a cell as free:
> 2 2 mine
 │123456789│
—│—————————│
1│.........│
2│.**......│
3│.........│
4│.........│
5│.*.......│
6│.........│
7│.........│
8│.........│
9│.........│
—│—————————│
Set/unset mines marks or claim a cell as free:
> 2 5 mine
 │123456789│
—│—————————│
1│.........│
2│.**......│
3│.........│
4│.........│
5│.........│
6│.........│
7│.........│
8│.........│
9│.........│
—│—————————│
Set/unset mines marks or claim a cell as free:
> 6 6 mine
 │123456789│
—│—————————│
1│.........│
2│.**......│
3│.........│
4│.........│
5│.........│
6│.....*...│
7│.........│
8│.........│
9│.........│
—│—————————│
Set/unset mines marks or claim a cell as free:
> 3 2 mine
 │123456789│
—│—————————│
1│.........│
2│.*.......│
3│.........│
4│.........│
5│.........│
6│.....*...│
7│.........│
8│.........│
9│.........│
—│—————————│
Set/unset mines marks or claim a cell as free:
> 3 5 mine
 │123456789│
—│—————————│
1│.........│
2│.*.......│
3│.........│
4│.........│
5│..*......│
6│.....*...│
7│.........│
8│.........│
9│.........│
—│—————————│
Set/unset mines marks or claim a cell as free:
> 8 6 free
 │123456789│
—│—————————│
1│/////////│
2│/////////│
3│/////////│
4│/////////│
5│///1221//│
6│///1.*1//│
7│///1221//│
8│/////////│
9│/////////│
—│—————————│
Set/unset mines marks or claim a cell as free:
> 5 6 mine
 │123456789│
—│—————————│
1│/////////│
2│/////////│
3│/////////│
4│/////////│
5│///1221//│
6│///1**1//│
7│///1221//│
8│/////////│
9│/////////│
—│—————————│
Congratulations! You found all the mines!
?[1;31m
Start test 22?[0m
How many mines do you want on the field?
> 2
 │123456789│
—│—————————│
1│.........│
2│.........│
3│.........│
4│.........│
5│.........│
6│.........│
7│.........│
8│.........│
9│.........│
—│—————————│
Set/unset mines marks or claim a cell as free:
> 3 6 free
 │123456789│
—│—————————│
1│/////////│
2│/////////│
3│/////111/│
4│/////1.1/│
5│/////111/│
6│///////11│
7│///////1.│
8│///////11│
9│/////////│
—│—————————│
Set/unset mines marks or claim a cell as free:
> 9 7 mine
 │123456789│
—│—————————│
1│/////////│
2│/////////│
3│/////111/│
4│/////1.1/│
5│/////111/│
6│///////11│
7│///////1*│
8│///////11│
9│/////////│
—│—————————│
Set/unset mines marks or claim a cell as free:
> 9 7 mine
 │123456789│
—│—————————│
1│/////////│
2│/////////│
3│/////111/│
4│/////1.1/│
5│/////111/│
6│///////11│
7│///////1.│
8│///////11│
9│/////////│
—│—————————│
Set/unset mines marks or claim a cell as free:
> 7 4 free
 │123456789│
—│—————————│
1│/////////│
2│/////////│
3│/////111/│
4│/////1X1/│
5│/////111/│
6│///////11│
7│///////1X│
8│///////11│
9│/////////│
—│—————————│
You stepped on a mine and failed!
?[1;31m
Start test 23?[0m
How many mines do you want on the field?
> 2
 │123456789│
—│—————————│
1│.........│
2│.........│
3│.........│
4│.........│
5│.........│
6│.........│
7│.........│
8│.........│
9│.........│
—│—————————│
Set/unset mines marks or claim a cell as free:
> 8 5 free
 │123456789│
—│—————————│
1│/////1...│
2│/////1.21│
3│/////111/│
4│/////////│
5│/////////│
6│/////////│
7│/////////│
8│/////////│
9│/////////│
—│—————————│
Congratulations! You found all the mines!
?[1;31m
Start test 24?[0m
How many mines do you want on the field?
> 2
 │123456789│
—│—————————│
1│.........│
2│.........│
3│.........│
4│.........│
5│.........│
6│.........│
7│.........│
8│.........│
9│.........│
—│—————————│
Set/unset mines marks or claim a cell as free:
> 8 7 free
 │123456789│
—│—————————│
1│///////1.│
2│///////1.│
3│//////12.│
4│//////1..│
5│//////111│
6│/////////│
7│/////////│
8│/////////│
9│/////////│
—│—————————│
Set/unset mines marks or claim a cell as free:
> 9 1 free
 │123456789│
—│—————————│
1│///////11│
2│///////1.│
3│//////12.│
4│//////1..│
5│//////111│
6│/////////│
7│/////////│
8│/////////│
9│/////////│
—│—————————│
Congratulations! You found all the mines!
?[1;31m
Start test 25?[0m
How many mines do you want on the field?
> 2
 │123456789│
—│—————————│
1│.........│
2│.........│
3│.........│
4│.........│
5│.........│
6│.........│
7│.........│
8│.........│
9│.........│
—│—————————│
Set/unset mines marks or claim a cell as free:
> 7 5 free
 │123456789│
—│—————————│
1│/////////│
2│///111/11│
3│///1.1/1.│
4│///111/11│
5│/////////│
6│/////////│
7│/////////│
8│/////////│
9│/////////│
—│—————————│
Set/unset mines marks or claim a cell as free:
> 5 3 free
 │123456789│
—│—————————│
1│/////////│
2│///111/11│
3│///1X1/1X│
4│///111/11│
5│/////////│
6│/////////│
7│/////////│
8│/////////│
9│/////////│
—│—————————│
You stepped on a mine and failed!
?[1;31m
Start test 26?[0m
How many mines do you want on the field?
> 2
 │123456789│
—│—————————│
1│.........│
2│.........│
3│.........│
4│.........│
5│.........│
6│.........│
7│.........│
8│.........│
9│.........│
—│—————————│
Set/unset mines marks or claim a cell as free:
> 2 4 free
 │123456789│
—│—————————│
1│/////////│
2│///111///│
3│///1.1///│
4│///111///│
5│//////111│
6│//////1..│
7│//////111│
8│/////////│
9│/////////│
—│—————————│
Set/unset mines marks or claim a cell as free:
> 9 6 free
 │123456789│
—│—————————│
1│/////////│
2│///111///│
3│///1.1///│
4│///111///│
5│//////111│
6│//////1.1│
7│//////111│
8│/////////│
9│/////////│
—│—————————│
Set/unset mines marks or claim a cell as free:
> 8 6 mine
 │123456789│
—│—————————│
1│/////////│
2│///111///│
3│///1.1///│
4│///111///│
5│//////111│
6│//////1*1│
7│//////111│
8│/////////│
9│/////////│
—│—————————│
Set/unset mines marks or claim a cell as free:
> 5 3 free
 │123456789│
—│—————————│
1│/////////│
2│///111///│
3│///1X1///│
4│///111///│
5│//////111│
6│//////1X1│
7│//////111│
8│/////////│
9│/////////│
—│—————————│
You stepped on a mine and failed!
?[1;31m
Start test 27?[0m
How many mines do you want on the field?
> 2
 │123456789│
—│—————————│
1│.........│
2│.........│
3│.........│
4│.........│
5│.........│
6│.........│
7│.........│
8│.........│
9│.........│
—│—————————│
Set/unset mines marks or claim a cell as free:
> 1 5 free
 │123456789│
—│—————————│
1│/////////│
2│/////////│
3│/////////│
4│/////////│
5│/////////│
6│////111//│
7│11//1.1//│
8│.1//111//│
9│.1///////│
—│—————————│
Set/unset mines marks or claim a cell as free:
> 6 7 free
 │123456789│
—│—————————│
1│/////////│
2│/////////│
3│/////////│
4│/////////│
5│/////////│
6│////111//│
7│11//1X1//│
8│X1//111//│
9│.1///////│
—│—————————│
You stepped on a mine and failed!
?[1;31m
Start test 28?[0m
How many mines do you want on the field?
> 2
 │123456789│
—│—————————│
1│.........│
2│.........│
3│.........│
4│.........│
5│.........│
6│.........│
7│.........│
8│.........│
9│.........│
—│—————————│
Set/unset mines marks or claim a cell as free:
> 2 4 free
 │123456789│
—│—————————│
1│//////1..│
2│//////11.│
3│///////1.│
4│///////1.│
5│///////11│
6│/////////│
7│/////////│
8│/////////│
9│/////////│
—│—————————│
Set/unset mines marks or claim a cell as free:
> 9 4 free
 │123456789│
—│—————————│
1│//////1X.│
2│//////11.│
3│///////1.│
4│///////1X│
5│///////11│
6│/////////│
7│/////////│
8│/////////│
9│/////////│
—│—————————│
You stepped on a mine and failed!
?[1;31m
Start test 29?[0m
How many mines do you want on the field?
> 2
 │123456789│
—│—————————│
1│.........│
2│.........│
3│.........│
4│.........│
5│.........│
6│.........│
7│.........│
8│.........│
9│.........│
—│—————————│
Set/unset mines marks or claim a cell as free:
> 7 5 free
 │123456789│
—│—————————│
1│..1///1..│
2│111///111│
3│/////////│
4│/////////│
5│/////////│
6│/////////│
7│/////////│
8│/////////│
9│/////////│
—│—————————│
Congratulations! You found all the mines!
?[1;31m
Start test 30?[0m
How many mines do you want on the field?
> 2
 │123456789│
—│—————————│
1│.........│
2│.........│
3│.........│
4│.........│
5│.........│
6│.........│
7│.........│
8│.........│
9│.........│
—│—————————│
Set/unset mines marks or claim a cell as free:
> 1 6 free
 │123456789│
—│—————————│
1│///////1.│
2│///////1.│
3│///////1.│
4│///////1.│
5│///////1.│
6│///////11│
7│/////////│
8│/////////│
9│/////////│
—│—————————│
Set/unset mines marks or claim a cell as free:
> 9 4 free
 │123456789│
—│—————————│
1│///////1.│
2│///////1.│
3│///////1.│
4│///////11│
5│///////1.│
6│///////11│
7│/////////│
8│/////////│
9│/////////│
—│—————————│
Congratulations! You found all the mines!
?[1;31m
Start test 31?[0m
How many mines do you want on the field?
> 2
 │123456789│
—│—————————│
1│.........│
2│.........│
3│.........│
4│.........│
5│.........│
6│.........│
7│.........│
8│.........│
9│.........│
—│—————————│
Set/unset mines marks or claim a cell as free:
> 1 9 free
 │123456789│
—│—————————│
1│////1.1//│
2│////1.1//│
3│////111//│
4│/////////│
5│/////////│
6│11///////│
7│.1///////│
8│11///////│
9│/////////│
—│—————————│
Set/unset mines marks or claim a cell as free:
> 6 2 free
 │123456789│
—│—————————│
1│////1.1//│
2│////1X1//│
3│////111//│
4│/////////│
5│/////////│
6│11///////│
7│X1///////│
8│11///////│
9│/////////│
—│—————————│
You stepped on a mine and failed!
?[1;31m
Start test 32?[0m
How many mines do you want on the field?
> 2
 │123456789│
—│—————————│
1│.........│
2│.........│
3│.........│
4│.........│
5│.........│
6│.........│
7│.........│
8│.........│
9│.........│
—│—————————│
Set/unset mines marks or claim a cell as free:
> 2 9 free
 │123456789│
—│—————————│
1│///////1.│
2│11/////1.│
3│.1/////11│
4│11///////│
5│/////////│
6│/////////│
7│/////////│
8│/////////│
9│/////////│
—│—————————│
Set/unset mines marks or claim a cell as free:
> 9 2 free
 │123456789│
—│—————————│
1│///////1.│
2│11/////1X│
3│X1/////11│
4│11///////│
5│/////////│
6│/////////│
7│/////////│
8│/////////│
9│/////////│
—│—————————│
You stepped on a mine and failed!
?[1;31m
Start test 33?[0m
How many mines do you want on the field?
> 2
 │123456789│
—│—————————│
1│.........│
2│.........│
3│.........│
4│.........│
5│.........│
6│.........│
7│.........│
8│.........│
9│.........│
—│—————————│
Set/unset mines marks or claim a cell as free:
> 5 5 mine
 │123456789│
—│—————————│
1│.........│
2│.........│
3│.........│
4│.........│
5│....*....│
6│.........│
7│.........│
8│.........│
9│.........│
—│—————————│
Set/unset mines marks or claim a cell as free:
> 9 8 mine
 │123456789│
—│—————————│
1│.........│
2│.........│
3│.........│
4│.........│
5│....*....│
6│.........│
7│.........│
8│........*│
9│.........│
—│—————————│
Set/unset mines marks or claim a cell as free:
> 5 5 mine
 │123456789│
—│—————————│
1│.........│
2│.........│
3│.........│
4│.........│
5│.........│
6│.........│
7│.........│
8│........*│
9│.........│
—│—————————│
Set/unset mines marks or claim a cell as free:
> 4 8 mine
 │123456789│
—│—————————│
1│.........│
2│.........│
3│.........│
4│.........│
5│.........│
6│.........│
7│.........│
8│...*....*│
9│.........│
—│—————————│
Set/unset mines marks or claim a cell as free:
> 7 4 free
 │123456789│
—│—————————│
1│/////////│
2│/////////│
3│/////////│
4│11///////│
5│.1//111//│
6│11//1.1//│
7│////111//│
8│/////////│
9│/////////│
—│—————————│
Set/unset mines marks or claim a cell as free:
> 6 6 mine
 │123456789│
—│—————————│
1│/////////│
2│/////////│
3│/////////│
4│11///////│
5│.1//111//│
6│11//1*1//│
7│////111//│
8│/////////│
9│/////////│
—│—————————│
Set/unset mines marks or claim a cell as free:
> 1 5 free
 │123456789│
—│—————————│
1│/////////│
2│/////////│
3│/////////│
4│11///////│
5│X1//111//│
6│11//1X1//│
7│////111//│
8│/////////│
9│/////////│
—│—————————│
You stepped on a mine and failed!
?[1;31m
Start test 34?[0m
How many mines do you want on the field?
> 2
 │123456789│
—│—————————│
1│.........│
2│.........│
3│.........│
4│.........│
5│.........│
6│.........│
7│.........│
8│.........│
9│.........│
—│—————————│
Set/unset mines marks or claim a cell as free:
> 6 3 mine
 │123456789│
—│—————————│
1│.........│
2│.........│
3│.....*...│
4│.........│
5│.........│
6│.........│
7│.........│
8│.........│
9│.........│
—│—————————│
Set/unset mines marks or claim a cell as free:
> 5 5 free
 │123456789│
—│—————————│
1│.........│
2│.........│
3│.....*...│
4│.........│
5│....1....│
6│.........│
7│.........│
8│.........│
9│.........│
—│—————————│
Set/unset mines marks or claim a cell as free:
> 4 8 mine
 │123456789│
—│—————————│
1│.........│
2│.........│
3│.....*...│
4│.........│
5│....1....│
6│.........│
7│.........│
8│...*.....│
9│.........│
—│—————————│
Set/unset mines marks or claim a cell as free:
> 6 7 free
 │123456789│
—│—————————│
1│/1.1/////│
2│/111/////│
3│/////////│
4│//111////│
5│//1.1////│
6│//111////│
7│/////////│
8│/////////│
9│/////////│
—│—————————│
Set/unset mines marks or claim a cell as free:
> 3 1 free
 │123456789│
—│—————————│
1│/1X1/////│
2│/111/////│
3│/////////│
4│//111////│
5│//1X1////│
6│//111////│
7│/////////│
8│/////////│
9│/////////│
—│—————————│
You stepped on a mine and failed!
?[1;31m
Start test 35?[0m
How many mines do you want on the field?
> 2
 │123456789│
—│—————————│
1│.........│
2│.........│
3│.........│
4│.........│
5│.........│
6│.........│
7│.........│
8│.........│
9│.........│
—│—————————│
Set/unset mines marks or claim a cell as free:
> 7 2 free
 │123456789│
—│—————————│
1│///1.1///│
2│///1.1///│
3│///111///│
4│/////////│
5│///111///│
6│///1.1///│
7│///111///│
8│/////////│
9│/////////│
—│—————————│
Set/unset mines marks or claim a cell as free:
> 5 2 free
 │123456789│
—│—————————│
1│///1.1///│
2│///1X1///│
3│///111///│
4│/////////│
5│///111///│
6│///1X1///│
7│///111///│
8│/////////│
9│/////////│
—│—————————│
You stepped on a mine and failed!
?[1;31m
Start test 36?[0m
How many mines do you want on the field?
> 2
 │123456789│
—│—————————│
1│.........│
2│.........│
3│.........│
4│.........│
5│.........│
6│.........│
7│.........│
8│.........│
9│.........│
—│—————————│
Set/unset mines marks or claim a cell as free:
> 6 8 mine
 │123456789│
—│—————————│
1│.........│
2│.........│
3│.........│
4│.........│
5│.........│
6│.........│
7│.........│
8│.....*...│
9│.........│
—│—————————│
Set/unset mines marks or claim a cell as free:
> 8 9 mine
 │123456789│
—│—————————│
1│.........│
2│.........│
3│.........│
4│.........│
5│.........│
6│.........│
7│.........│
8│.....*...│
9│.......*.│
—│—————————│
Set/unset mines marks or claim a cell as free:
> 6 6 free
 │123456789│
—│—————————│
1│/////////│
2│/////////│
3│/////////│
4│/////////│
5│/////////│
6│/111/////│
7│/1.1/////│
8│1221/////│
9│..1//////│
—│—————————│
Set/unset mines marks or claim a cell as free:
> 1 9 free
 │123456789│
—│—————————│
1│/////////│
2│/////////│
3│/////////│
4│/////////│
5│/////////│
6│/111/////│
7│/1.1/////│
8│1221/////│
9│1.1//////│
—│—————————│
Set/unset mines marks or claim a cell as free:
> 2 9 free
 │123456789│
—│—————————│
1│/////////│
2│/////////│
3│/////////│
4│/////////│
5│/////////│
6│/111/////│
7│/1X1/////│
8│1221/////│
9│1X1//////│
—│—————————│
You stepped on a mine and failed!
?[1;31m
Start test 37?[0m
How many mines do you want on the field?
> 2
 │123456789│
—│—————————│
1│.........│
2│.........│
3│.........│
4│.........│
5│.........│
6│.........│
7│.........│
8│.........│
9│.........│
—│—————————│
Set/unset mines marks or claim a cell as free:
> 5 1 free
 │123456789│
—│—————————│
1│/////////│
2│/////////│
3│/////////│
4│/////////│
5│/////////│
6│//////111│
7│11////1..│
8│.1////111│
9│.1///////│
—│—————————│
Congratulations! You found all the mines!
?[1;31m
Start test 38?[0m
How many mines do you want on the field?
> 2
 │123456789│
—│—————————│
1│.........│
2│.........│
3│.........│
4│.........│
5│.........│
6│.........│
7│.........│
8│.........│
9│.........│
—│—————————│
Set/unset mines marks or claim a cell as free:
> 1 3 mine
 │123456789│
—│—————————│
1│.........│
2│.........│
3│*........│
4│.........│
5│.........│
6│.........│
7│.........│
8│.........│
9│.........│
—│—————————│
Set/unset mines marks or claim a cell as free:
> 6 3 free
 │123456789│
—│—————————│
1│/////////│
2│///////11│
3│///////1.│
4│///////11│
5│/////////│
6│/////////│
7│/////////│
8│///////11│
9│///////1.│
—│—————————│
Set/unset mines marks or claim a cell as free:
> 9 9 mine
 │123456789│
—│—————————│
1│/////////│
2│///////11│
3│///////1.│
4│///////11│
5│/////////│
6│/////////│
7│/////////│
8│///////11│
9│///////1*│
—│—————————│
Set/unset mines marks or claim a cell as free:
> 9 3 free
 │123456789│
—│—————————│
1│/////////│
2│///////11│
3│///////1X│
4│///////11│
5│/////////│
6│/////////│
7│/////////│
8│///////11│
9│///////1X│
—│—————————│
You stepped on a mine and failed!
?[1;31m
Start test 39?[0m
How many mines do you want on the field?
> 2
 │123456789│
—│—————————│
1│.........│
2│.........│
3│.........│
4│.........│
5│.........│
6│.........│
7│.........│
8│.........│
9│.........│
—│—————————│
Set/unset mines marks or claim a cell as free:
> 4 4 mine
 │123456789│
—│—————————│
1│.........│
2│.........│
3│.........│
4│...*.....│
5│.........│
6│.........│
7│.........│
8│.........│
9│.........│
—│—————————│
Set/unset mines marks or claim a cell as free:
> 6 9 free
 │123456789│
—│—————————│
1│/////////│
2│///////11│
3│///////1.│
4│///////11│
5│////111//│
6│////1.1//│
7│////111//│
8│/////////│
9│/////////│
—│—————————│
Set/unset mines marks or claim a cell as free:
> 9 3 free
 │123456789│
—│—————————│
1│/////////│
2│///////11│
3│///////1X│
4│///////11│
5│////111//│
6│////1X1//│
7│////111//│
8│/////////│
9│/////////│
—│—————————│
You stepped on a mine and failed!
?[1;31m
Start test 40?[0m
How many mines do you want on the field?
> 2
 │123456789│
—│—————————│
1│.........│
2│.........│
3│.........│
4│.........│
5│.........│
6│.........│
7│.........│
8│.........│
9│.........│
—│—————————│
Set/unset mines marks or claim a cell as free:
> 5 9 mine
 │123456789│
—│—————————│
1│.........│
2│.........│
3│.........│
4│.........│
5│.........│
6│.........│
7│.........│
8│.........│
9│....*....│
—│—————————│
Set/unset mines marks or claim a cell as free:
> 5 9 mine
 │123456789│
—│—————————│
1│.........│
2│.........│
3│.........│
4│.........│
5│.........│
6│.........│
7│.........│
8│.........│
9│.........│
—│—————————│
Set/unset mines marks or claim a cell as free:
> 3 7 mine
 │123456789│
—│—————————│
1│.........│
2│.........│
3│.........│
4│.........│
5│.........│
6│.........│
7│..*......│
8│.........│
9│.........│
—│—————————│
Set/unset mines marks or claim a cell as free:
> 5 3 free
 │123456789│
—│—————————│
1│/////////│
2│/////////│
3│/////////│
4│111////11│
5│..1////1.│
6│111////11│
7│/////////│
8│/////////│
9│/////////│
—│—————————│
Set/unset mines marks or claim a cell as free:
> 9 5 free
 │123456789│
—│—————————│
1│/////////│
2│/////////│
3│/////////│
4│111////11│
5│.X1////1X│
6│111////11│
7│/////////│
8│/////////│
9│/////////│
—│—————————│
You stepped on a mine and failed!
?[1;31m
Start test 41?[0m
How many mines do you want on the field?
> 3
 │123456789│
—│—————————│
1│.........│
2│.........│
3│.........│
4│.........│
5│.........│
6│.........│
7│.........│
8│.........│
9│.........│
—│—————————│
Set/unset mines marks or claim a cell as free:
> 7 5 mine
 │123456789│
—│—————————│
1│.........│
2│.........│
3│.........│
4│.........│
5│......*..│
6│.........│
7│.........│
8│.........│
9│.........│
—│—————————│
Set/unset mines marks or claim a cell as free:
> 9 6 mine
 │123456789│
—│—————————│
1│.........│
2│.........│
3│.........│
4│.........│
5│......*..│
6│........*│
7│.........│
8│.........│
9│.........│
—│—————————│
Set/unset mines marks or claim a cell as free:
> 4 9 free
 │123456789│
—│—————————│
1│////1....│
2│////1....│
3│////1111.│
4│///////1.│
5│///////11│
6│/////////│
7│/////////│
8│////111//│
9│////1.1//│
—│—————————│
Set/unset mines marks or claim a cell as free:
> 9 2 mine
 │123456789│
—│—————————│
1│////1....│
2│////1...*│
3│////1111.│
4│///////1.│
5│///////11│
6│/////////│
7│/////////│
8│////111//│
9│////1.1//│
—│—————————│
Set/unset mines marks or claim a cell as free:
> 7 2 free
 │123456789│
—│—————————│
1│////1....│
2│////1.1.*│
3│////1111.│
4│///////1.│
5│///////11│
6│/////////│
7│/////////│
8│////111//│
9│////1.1//│
—│—————————│
Set/unset mines marks or claim a cell as free:
> 6 2 mine
 │123456789│
—│—————————│
1│////1....│
2│////1*1.*│
3│////1111.│
4│///////1.│
5│///////11│
6│/////////│
7│/////////│
8│////111//│
9│////1.1//│
—│—————————│
Set/unset mines marks or claim a cell as free:
> 9 2 mine
 │123456789│
—│—————————│
1│////1....│
2│////1*1..│
3│////1111.│
4│///////1.│
5│///////11│
6│/////////│
7│/////////│
8│////111//│
9│////1.1//│
—│—————————│
Set/unset mines marks or claim a cell as free:
> 9 4 free
 │123456789│
—│—————————│
1│////1....│
2│////1X1..│
3│////1111.│
4│///////1X│
5│///////11│
6│/////////│
7│/////////│
8│////111//│
9│////1X1//│
—│—————————│
You stepped on a mine and failed!
?[1;31m
Start test 42?[0m
How many mines do you want on the field?
> 3
 │123456789│
—│—————————│
1│.........│
2│.........│
3│.........│
4│.........│
5│.........│
6│.........│
7│.........│
8│.........│
9│.........│
—│—————————│
Set/unset mines marks or claim a cell as free:
> 3 6 free
 │123456789│
—│—————————│
1│/////////│
2│11211/111│
3│....1/1..│
4│11211/111│
5│/////////│
6│/////////│
7│/////////│
8│/////////│
9│/////////│
—│—————————│
Congratulations! You found all the mines!
?[1;31m
Start test 43?[0m
How many mines do you want on the field?
> 3
 │123456789│
—│—————————│
1│.........│
2│.........│
3│.........│
4│.........│
5│.........│
6│.........│
7│.........│
8│.........│
9│.........│
—│—————————│
Set/unset mines marks or claim a cell as free:
> 7 6 mine
 │123456789│
—│—————————│
1│.........│
2│.........│
3│.........│
4│.........│
5│.........│
6│......*..│
7│.........│
8│.........│
9│.........│
—│—————————│
Set/unset mines marks or claim a cell as free:
> 7 6 mine
 │123456789│
—│—————————│
1│.........│
2│.........│
3│.........│
4│.........│
5│.........│
6│.........│
7│.........│
8│.........│
9│.........│
—│—————————│
Set/unset mines marks or claim a cell as free:
> 2 2 free
 │123456789│
—│—————————│
1│.........│
2│.X.......│
3│.........│
4│.........│
5│.........│
6│....X....│
7│.........│
8│.....X...│
9│.........│
—│—————————│
You stepped on a mine and failed!
?[1;31m
Start test 44?[0m
How many mines do you want on the field?
> 3
 │123456789│
—│—————————│
1│.........│
2│.........│
3│.........│
4│.........│
5│.........│
6│.........│
7│.........│
8│.........│
9│.........│
—│—————————│
Set/unset mines marks or claim a cell as free:
> 2 9 mine
 │123456789│
—│—————————│
1│.........│
2│.........│
3│.........│
4│.........│
5│.........│
6│.........│
7│.........│
8│.........│
9│.*.......│
—│—————————│
Set/unset mines marks or claim a cell as free:
> 3 6 mine
 │123456789│
—│—————————│
1│.........│
2│.........│
3│.........│
4│.........│
5│.........│
6│..*......│
7│.........│
8│.........│
9│.*.......│
—│—————————│
Set/unset mines marks or claim a cell as free:
> 8 1 free
 │123456789│
—│—————————│
1│...X...X.│
2│.........│
3│.........│
4│.........│
5│......X..│
6│..*......│
7│.........│
8│.........│
9│.*.......│
—│—————————│
You stepped on a mine and failed!
?[1;31m
Start test 45?[0m
How many mines do you want on the field?
> 3
 │123456789│
—│—————————│
1│.........│
2│.........│
3│.........│
4│.........│
5│.........│
6│.........│
7│.........│
8│.........│
9│.........│
—│—————————│
Set/unset mines marks or claim a cell as free:
> 9 2 free
 │123456789│
—│—————————│
1│/////////│
2│//111////│
3│//1.21///│
4│//12.1///│
5│///111111│
6│//////1..│
7│//////111│
8│/////////│
9│/////////│
—│—————————│
Set/unset mines marks or claim a cell as free:
> 4 3 free
 │123456789│
—│—————————│
1│/////////│
2│//111////│
3│//1X21///│
4│//12X1///│
5│///111111│
6│//////1X.│
7│//////111│
8│/////////│
9│/////////│
—│—————————│
You stepped on a mine and failed!
?[1;31m
Start test 46?[0m
How many mines do you want on the field?
> 3
 │123456789│
—│—————————│
1│.........│
2│.........│
3│.........│
4│.........│
5│.........│
6│.........│
7│.........│
8│.........│
9│.........│
—│—————————│
Set/unset mines marks or claim a cell as free:
> 5 4 free
 │123456789│
—│—————————│
1│/////////│
2│111//////│
3│..1//////│
4│111//111/│
5│//1111.1/│
6│//1.1111/│
7│//111////│
8│/////////│
9│/////////│
—│—————————│
Set/unset mines marks or claim a cell as free:
> 4 6 free
 │123456789│
—│—————————│
1│/////////│
2│111//////│
3│.X1//////│
4│111//111/│
5│//1111X1/│
6│//1X1111/│
7│//111////│
8│/////////│
9│/////////│
—│—————————│
You stepped on a mine and failed!
?[1;31m
Start test 47?[0m
How many mines do you want on the field?
> 3
 │123456789│
—│—————————│
1│.........│
2│.........│
3│.........│
4│.........│
5│.........│
6│.........│
7│.........│
8│.........│
9│.........│
—│—————————│
Set/unset mines marks or claim a cell as free:
> 1 8 free
 │123456789│
—│—————————│
1│.........│
2│.........│
3│.........│
4│.........│
5│.........│
6│.........│
7│.........│
8│1........│
9│.........│
—│—————————│
Set/unset mines marks or claim a cell as free:
> 6 8 mine
 │123456789│
—│—————————│
1│.........│
2│.........│
3│.........│
4│.........│
5│.........│
6│.........│
7│.........│
8│1....*...│
9│.........│
—│—————————│
Set/unset mines marks or claim a cell as free:
> 3 7 free
 │123456789│
—│—————————│
1│.........│
2│.........│
3│.........│
4│.........│
5│.........│
6│.........│
7│..1......│
8│1....*...│
9│.........│
—│—————————│
Set/unset mines marks or claim a cell as free:
> 9 8 mine
 │123456789│
—│—————————│
1│.........│
2│.........│
3│.........│
4│.........│
5│.........│
6│.........│
7│..1......│
8│1....*..*│
9│.........│
—│—————————│
Set/unset mines marks or claim a cell as free:
> 9 1 free
 │123456789│
—│—————————│
1│/////////│
2│/////////│
3│11///////│
4│.1///////│
5│11///////│
6│////111//│
7│111/1.1//│
8│1.1/111//│
9│..1//////│
—│—————————│
Set/unset mines marks or claim a cell as free:
> 1 9 mine
 │123456789│
—│—————————│
1│/////////│
2│/////////│
3│11///////│
4│.1///////│
5│11///////│
6│////111//│
7│111/1.1//│
8│1.1/111//│
9│*.1//////│
—│—————————│
Set/unset mines marks or claim a cell as free:
> 1 9 mine
 │123456789│
—│—————————│
1│/////////│
2│/////////│
3│11///////│
4│.1///////│
5│11///////│
6│////111//│
7│111/1.1//│
8│1.1/111//│
9│..1//////│
—│—————————│
Set/unset mines marks or claim a cell as free:
> 2 9 free
 │123456789│
—│—————————│
1│/////////│
2│/////////│
3│11///////│
4│.1///////│
5│11///////│
6│////111//│
7│111/1.1//│
8│1.1/111//│
9│.11//////│
—│—————————│
Set/unset mines marks or claim a cell as free:
> 6 7 free
 │123456789│
—│—————————│
1│/////////│
2│/////////│
3│11///////│
4│X1///////│
5│11///////│
6│////111//│
7│111/1X1//│
8│1X1/111//│
9│.11//////│
—│—————————│
You stepped on a mine and failed!
?[1;31m
Start test 48?[0m
How many mines do you want on the field?
> 3
 │123456789│
—│—————————│
1│.........│
2│.........│
3│.........│
4│.........│
5│.........│
6│.........│
7│.........│
8│.........│
9│.........│
—│—————————│
Set/unset mines marks or claim a cell as free:
> 7 5 mine
 │123456789│
—│—————————│
1│.........│
2│.........│
3│.........│
4│.........│
5│......*..│
6│.........│
7│.........│
8│.........│
9│.........│
—│—————————│
Set/unset mines marks or claim a cell as free:
> 4 6 free
 │123456789│
—│—————————│
1│//////1..│
2│///1111..│
3│///1.111.│
4│///111/1.│
5│///////1.│
6│///////11│
7│/////////│
8│/////////│
9│/////////│
—│—————————│
Set/unset mines marks or claim a cell as free:
> 9 3 mine
 │123456789│
—│—————————│
1│//////1..│
2│///1111..│
3│///1.111*│
4│///111/1.│
5│///////1.│
6│///////11│
7│/////////│
8│/////////│
9│/////////│
—│—————————│
Set/unset mines marks or claim a cell as free:
> 8 1 free
 │123456789│
—│—————————│
1│//////11.│
2│///1111..│
3│///1.111*│
4│///111/1.│
5│///////1.│
6│///////11│
7│/////////│
8│/////////│
9│/////////│
—│—————————│
Set/unset mines marks or claim a cell as free:
> 5 3 mine
 │123456789│
—│—————————│
1│//////11.│
2│///1111..│
3│///1*111*│
4│///111/1.│
5│///////1.│
6│///////11│
7│/////////│
8│/////////│
9│/////////│
—│—————————│
Set/unset mines marks or claim a cell as free:
> 9 1 mine
 │123456789│
—│—————————│
1│//////11*│
2│///1111..│
3│///1*111*│
4│///111/1.│
5│///////1.│
6│///////11│
7│/////////│
8│/////////│
9│/////////│
—│—————————│
Set/unset mines marks or claim a cell as free:
> 5 3 mine
 │123456789│
—│—————————│
1│//////11*│
2│///1111..│
3│///1.111*│
4│///111/1.│
5│///////1.│
6│///////11│
7│/////////│
8│/////////│
9│/////////│
—│—————————│
Set/unset mines marks or claim a cell as free:
> 9 2 free
 │123456789│
—│—————————│
1│//////11*│
2│///1111.1│
3│///1.111*│
4│///111/1.│
5│///////1.│
6│///////11│
7│/////////│
8│/////////│
9│/////////│
—│—————————│
Congratulations! You found all the mines!
?[1;31m
Start test 49?[0m
How many mines do you want on the field?
> 3
 │123456789│
—│—————————│
1│.........│
2│.........│
3│.........│
4│.........│
5│.........│
6│.........│
7│.........│
8│.........│
9│.........│
—│—————————│
Set/unset mines marks or claim a cell as free:
> 7 9 mine
 │123456789│
—│—————————│
1│.........│
2│.........│
3│.........│
4│.........│
5│.........│
6│.........│
7│.........│
8│.........│
9│......*..│
—│—————————│
Set/unset mines marks or claim a cell as free:
> 7 9 mine
 │123456789│
—│—————————│
1│.........│
2│.........│
3│.........│
4│.........│
5│.........│
6│.........│
7│.........│
8│.........│
9│.........│
—│—————————│
Set/unset mines marks or claim a cell as free:
> 9 6 mine
 │123456789│
—│—————————│
1│.........│
2│.........│
3│.........│
4│.........│
5│.........│
6│........*│
7│.........│
8│.........│
9│.........│
—│—————————│
Set/unset mines marks or claim a cell as free:
> 9 3 free
 │123456789│
—│—————————│
1│.........│
2│.........│
3│........1│
4│.........│
5│.........│
6│........*│
7│.........│
8│.........│
9│.........│
—│—————————│
Set/unset mines marks or claim a cell as free:
> 9 6 mine
 │123456789│
—│—————————│
1│.........│
2│.........│
3│........1│
4│.........│
5│.........│
6│.........│
7│.........│
8│.........│
9│.........│
—│—————————│
Set/unset mines marks or claim a cell as free:
> 3 7 mine
 │123456789│
—│—————————│
1│.........│
2│.........│
3│........1│
4│.........│
5│.........│
6│.........│
7│..*......│
8│.........│
9│.........│
—│—————————│
Set/unset mines marks or claim a cell as free:
> 3 8 free
 │123456789│
—│—————————│
1│/1.1/////│
2│/111/////│
3│////11111│
4│////1....│
5│////11111│
6│/////////│
7│/////////│
8│/////////│
9│/////////│
—│—————————│
Set/unset mines marks or claim a cell as free:
> 6 4 free
 │123456789│
—│—————————│
1│/1X1/////│
2│/111/////│
3│////11111│
4│////1X..X│
5│////11111│
6│/////////│
7│/////////│
8│/////////│
9│/////////│
—│—————————│
You stepped on a mine and failed!
?[1;31m
Start test 50?[0m
How many mines do you want on the field?
> 3
 │123456789│
—│—————————│
1│.........│
2│.........│
3│.........│
4│.........│
5│.........│
6│.........│
7│.........│
8│.........│
9│.........│
—│—————————│
Set/unset mines marks or claim a cell as free:
> 9 3 mine
 │123456789│
—│—————————│
1│.........│
2│.........│
3│........*│
4│.........│
5│.........│
6│.........│
7│.........│
8│.........│
9│.........│
—│—————————│
Set/unset mines marks or claim a cell as free:
> 9 3 mine
 │123456789│
—│—————————│
1│.........│
2│.........│
3│.........│
4│.........│
5│.........│
6│.........│
7│.........│
8│.........│
9│.........│
—│—————————│
Set/unset mines marks or claim a cell as free:
> 2 3 mine
 │123456789│
—│—————————│
1│.........│
2│.........│
3│.*.......│
4│.........│
5│.........│
6│.........│
7│.........│
8│.........│
9│.........│
—│—————————│
Set/unset mines marks or claim a cell as free:
> 7 3 mine
 │123456789│
—│—————————│
1│.........│
2│.........│
3│.*....*..│
4│.........│
5│.........│
6│.........│
7│.........│
8│.........│
9│.........│
—│—————————│
Set/unset mines marks or claim a cell as free:
> 2 3 mine
 │123456789│
—│—————————│
1│.........│
2│.........│
3│......*..│
4│.........│
5│.........│
6│.........│
7│.........│
8│.........│
9│.........│
—│—————————│
Set/unset mines marks or claim a cell as free:
> 7 3 mine
 │123456789│
—│—————————│
1│.........│
2│.........│
3│.........│
4│.........│
5│.........│
6│.........│
7│.........│
8│.........│
9│.........│
—│—————————│
Set/unset mines marks or claim a cell as free:
> 4 6 free
 │123456789│
—│—————————│
1│///1.1///│
2│/11211///│
3│/1.1/////│
4│/111/////│
5│/////////│
6│/////////│
7│//111////│
8│//1.1////│
9│//1.1////│
—│—————————│
Set/unset mines marks or claim a cell as free:
> 4 9 free
 │123456789│
—│—————————│
1│///1.1///│
2│/11211///│
3│/1.1/////│
4│/111/////│
5│/////////│
6│/////////│
7│//111////│
8│//1.1////│
9│//111////│
—│—————————│
Set/unset mines marks or claim a cell as free:
> 5 1 free
 │123456789│
—│—————————│
1│///1X1///│
2│/11211///│
3│/1X1/////│
4│/111/////│
5│/////////│
6│/////////│
7│//111////│
8│//1X1////│
9│//111////│
—│—————————│
You stepped on a mine and failed!
?[1;31m
Start test 51?[0m
How many mines do you want on the field?
> 3
 │123456789│
—│—————————│
1│.........│
2│.........│
3│.........│
4│.........│
5│.........│
6│.........│
7│.........│
8│.........│
9│.........│
—│—————————│
Set/unset mines marks or claim a cell as free:
> 5 3 free
 │123456789│
—│—————————│
1│...1/////│
2│...1/////│
3│1221/////│
4│/////////│
5│//111////│
6│//1.1////│
7│//111////│
8│/////////│
9│/////////│
—│—————————│
Set/unset mines marks or claim a cell as free:
> 1 2 free
 │123456789│
—│—————————│
1│...1/////│
2│1..1/////│
3│1221/////│
4│/////////│
5│//111////│
6│//1.1////│
7│//111////│
8│/////////│
9│/////////│
—│—————————│
Congratulations! You found all the mines!
?[1;31m
Start test 52?[0m
How many mines do you want on the field?
> 3
 │123456789│
—│—————————│
1│.........│
2│.........│
3│.........│
4│.........│
5│.........│
6│.........│
7│.........│
8│.........│
9│.........│
—│—————————│
Set/unset mines marks or claim a cell as free:
> 2 5 free
 │123456789│
—│—————————│
1│/////////│
2│/////////│
3│/////////│
4│/////////│
5│///////11│
6│///////2.│
7│///////2.│
8│/////112.│
9│/////1...│
—│—————————│
Congratulations! You found all the mines!
?[1;31m
Start test 53?[0m
How many mines do you want on the field?
> 3
 │123456789│
—│—————————│
1│.........│
2│.........│
3│.........│
4│.........│
5│.........│
6│.........│
7│.........│
8│.........│
9│.........│
—│—————————│
Set/unset mines marks or claim a cell as free:
> 4 7 free
 │123456789│
—│—————————│
1│.........│
2│.........│
3│.........│
4│.........│
5│.........│
6│.........│
7│...1.....│
8│.........│
9│.........│
—│—————————│
Set/unset mines marks or claim a cell as free:
> 7 5 free
 │123456789│
—│—————————│
1│//////1..│
2│//////1..│
3│//////111│
4│/////////│
5│/////////│
6│///111///│
7│///1.1///│
8│111111///│
9│..1//////│
—│—————————│
Set/unset mines marks or claim a cell as free:
> 8 1 mine
 │123456789│
—│—————————│
1│//////1*.│
2│//////1..│
3│//////111│
4│/////////│
5│/////////│
6│///111///│
7│///1.1///│
8│111111///│
9│..1//////│
—│—————————│
Set/unset mines marks or claim a cell as free:
> 9 1 free
 │123456789│
—│—————————│
1│//////1*1│
2│//////1..│
3│//////111│
4│/////////│
5│/////////│
6│///111///│
7│///1.1///│
8│111111///│
9│..1//////│
—│—————————│
Congratulations! You found all the mines!
?[1;31m
Start test 54?[0m
How many mines do you want on the field?
> 3
 │123456789│
—│—————————│
1│.........│
2│.........│
3│.........│
4│.........│
5│.........│
6│.........│
7│.........│
8│.........│
9│.........│
—│—————————│
Set/unset mines marks or claim a cell as free:
> 4 3 free
 │123456789│
—│—————————│
1│.........│
2│.........│
3│...1.....│
4│.........│
5│.........│
6│.........│
7│.........│
8│.........│
9│.........│
—│—————————│
Set/unset mines marks or claim a cell as free:
> 9 8 free
 │123456789│
—│—————————│
1│/////////│
2│11///////│
3│.1/111///│
4│11/1.1///│
5│///11211/│
6│/////1.1/│
7│/////111/│
8│/////////│
9│/////////│
—│—————————│
Set/unset mines marks or claim a cell as free:
> 7 6 mine
 │123456789│
—│—————————│
1│/////////│
2│11///////│
3│.1/111///│
4│11/1.1///│
5│///11211/│
6│/////1*1/│
7│/////111/│
8│/////////│
9│/////////│
—│—————————│
Set/unset mines marks or claim a cell as free:
> 1 3 mine
 │123456789│
—│—————————│
1│/////////│
2│11///////│
3│*1/111///│
4│11/1.1///│
5│///11211/│
6│/////1*1/│
7│/////111/│
8│/////////│
9│/////////│
—│—————————│
Set/unset mines marks or claim a cell as free:
> 5 4 mine
 │123456789│
—│—————————│
1│/////////│
2│11///////│
3│*1/111///│
4│11/1*1///│
5│///11211/│
6│/////1*1/│
7│/////111/│
8│/////////│
9│/////////│
—│—————————│
Congratulations! You found all the mines!
?[1;31m
Start test 55?[0m
How many mines do you want on the field?
> 3
 │123456789│
—│—————————│
1│.........│
2│.........│
3│.........│
4│.........│
5│.........│
6│.........│
7│.........│
8│.........│
9│.........│
—│—————————│
Set/unset mines marks or claim a cell as free:
> 1 8 free
 │123456789│
—│—————————│
1│/////////│
2│/////////│
3│//////111│
4│//////1..│
5│//////12.│
6│///////11│
7│/111/////│
8│/1.1/////│
9│/1.1/////│
—│—————————│
Set/unset mines marks or claim a cell as free:
> 9 5 free
 │123456789│
—│—————————│
1│/////////│
2│/////////│
3│//////111│
4│//////1X.│
5│//////12X│
6│///////11│
7│/111/////│
8│/1X1/////│
9│/1.1/////│
—│—————————│
You stepped on a mine and failed!
?[1;31m
Start test 56?[0m
How many mines do you want on the field?
> 3
 │123456789│
—│—————————│
1│.........│
2│.........│
3│.........│
4│.........│
5│.........│
6│.........│
7│.........│
8│.........│
9│.........│
—│—————————│
Set/unset mines marks or claim a cell as free:
> 9 2 mine
 │123456789│
—│—————————│
1│.........│
2│........*│
3│.........│
4│.........│
5│.........│
6│.........│
7│.........│
8│.........│
9│.........│
—│—————————│
Set/unset mines marks or claim a cell as free:
> 2 2 mine
 │123456789│
—│—————————│
1│.........│
2│.*......*│
3│.........│
4│.........│
5│.........│
6│.........│
7│.........│
8│.........│
9│.........│
—│—————————│
Set/unset mines marks or claim a cell as free:
> 9 2 mine
 │123456789│
—│—————————│
1│.........│
2│.*.......│
3│.........│
4│.........│
5│.........│
6│.........│
7│.........│
8│.........│
9│.........│
—│—————————│
Set/unset mines marks or claim a cell as free:
> 3 7 mine
 │123456789│
—│—————————│
1│.........│
2│.*.......│
3│.........│
4│.........│
5│.........│
6│.........│
7│..*......│
8│.........│
9│.........│
—│—————————│
Set/unset mines marks or claim a cell as free:
> 7 3 free
 │123456789│
—│—————————│
1│/////////│
2│/////////│
3│/////////│
4│/////////│
5│11///////│
6│.1///////│
7│.211/111/│
8│...1/1.1/│
9│...1/1.1/│
—│—————————│
Set/unset mines marks or claim a cell as free:
> 3 8 free
 │123456789│
—│—————————│
1│/////////│
2│/////////│
3│/////////│
4│/////////│
5│11///////│
6│X1///////│
7│.211/111/│
8│..X1/1X1/│
9│...1/1.1/│
—│—————————│
You stepped on a mine and failed!
?[1;31m
Start test 57?[0m
How many mines do you want on the field?
> 3
 │123456789│
—│—————————│
1│.........│
2│.........│
3│.........│
4│.........│
5│.........│
6│.........│
7│.........│
8│.........│
9│.........│
—│—————————│
Set/unset mines marks or claim a cell as free:
> 8 6 free
 │123456789│
—│—————————│
1│.........│
2│.........│
3│.........│
4│.........│
5│.........│
6│.......1.│
7│.........│
8│.........│
9│.........│
—│—————————│
Set/unset mines marks or claim a cell as free:
> 5 3 free
 │123456789│
—│—————————│
1│.........│
2│.........│
3│....1....│
4│.........│
5│.........│
6│.......1.│
7│.........│
8│.........│
9│.........│
—│—————————│
Set/unset mines marks or claim a cell as free:
> 2 7 mine
 │123456789│
—│—————————│
1│.........│
2│.........│
3│....1....│
4│.........│
5│.........│
6│.......1.│
7│.*.......│
8│.........│
9│.........│
—│—————————│
Set/unset mines marks or claim a cell as free:
> 9 5 free
 │123456789│
—│—————————│
1│/////////│
2│11211////│
3│....1////│
4│11211////│
5│/////////│
6│//////111│
7│//////1..│
8│//////111│
9│/////////│
—│—————————│
Congratulations! You found all the mines!
?[1;31m
Start test 58?[0m
How many mines do you want on the field?
> 3
 │123456789│
—│—————————│
1│.........│
2│.........│
3│.........│
4│.........│
5│.........│
6│.........│
7│.........│
8│.........│
9│.........│
—│—————————│
Set/unset mines marks or claim a cell as free:
> 8 4 free
 │123456789│
—│—————————│
1│/////////│
2│/////////│
3│////111//│
4│///12.1//│
5│///1..2//│
6│///12.1//│
7│////111//│
8│/////////│
9│/////////│
—│—————————│
Set/unset mines marks or claim a cell as free:
> 5 5 free
 │123456789│
—│—————————│
1│/////////│
2│/////////│
3│////111//│
4│///12X1//│
5│///1X.2//│
6│///12X1//│
7│////111//│
8│/////////│
9│/////////│
—│—————————│
You stepped on a mine and failed!
?[1;31m
Start test 59?[0m
How many mines do you want on the field?
> 3
 │123456789│
—│—————————│
1│.........│
2│.........│
3│.........│
4│.........│
5│.........│
6│.........│
7│.........│
8│.........│
9│.........│
—│—————————│
Set/unset mines marks or claim a cell as free:
> 3 6 mine
 │123456789│
—│—————————│
1│.........│
2│.........│
3│.........│
4│.........│
5│.........│
6│..*......│
7│.........│
8│.........│
9│.........│
—│—————————│
Set/unset mines marks or claim a cell as free:
> 3 6 mine
 │123456789│
—│—————————│
1│.........│
2│.........│
3│.........│
4│.........│
5│.........│
6│.........│
7│.........│
8│.........│
9│.........│
—│—————————│
Set/unset mines marks or claim a cell as free:
> 2 5 free
 │123456789│
—│—————————│
1│.........│
2│.........│
3│.........│
4│.........│
5│.1.......│
6│.........│
7│.........│
8│.........│
9│.........│
—│—————————│
Set/unset mines marks or claim a cell as free:
> 8 8 free
 │123456789│
—│—————————│
1│.........│
2│.........│
3│.........│
4│.........│
5│.1.......│
6│.........│
7│.........│
8│.......1.│
9│.........│
—│—————————│
Set/unset mines marks or claim a cell as free:
> 2 3 mine
 │123456789│
—│—————————│
1│.........│
2│.........│
3│.*.......│
4│.........│
5│.1.......│
6│.........│
7│.........│
8│.......1.│
9│.........│
—│—————————│
Set/unset mines marks or claim a cell as free:
> 2 3 mine
 │123456789│
—│—————————│
1│.........│
2│.........│
3│.........│
4│.........│
5│.1.......│
6│.........│
7│.........│
8│.......1.│
9│.........│
—│—————————│
Set/unset mines marks or claim a cell as free:
> 6 1 free
 │123456789│
—│—————————│
1│/////////│
2│/////////│
3│11111////│
4│....1////│
5│11111////│
6│/////////│
7│/////111/│
8│/////1.1/│
9│/////1.1/│
—│—————————│
Congratulations! You found all the mines!
?[1;31m
Start test 60?[0m
How many mines do you want on the field?
> 3
 │123456789│
—│—————————│
1│.........│
2│.........│
3│.........│
4│.........│
5│.........│
6│.........│
7│.........│
8│.........│
9│.........│
—│—————————│
Set/unset mines marks or claim a cell as free:
> 5 9 free
 │123456789│
—│—————————│
1│.........│
2│.........│
3│.........│
4│.........│
5│.........│
6│.........│
7│.........│
8│.........│
9│....1....│
—│—————————│
Set/unset mines marks or claim a cell as free:
> 2 3 free
 │123456789│
—│—————————│
1│/////////│
2│/////////│
3│///111///│
4│///1.1///│
5│11/111///│
6│.1///////│
7│.1111////│
8│....1////│
9│....1////│
—│—————————│
Set/unset mines marks or claim a cell as free:
> 4 9 free
 │123456789│
—│—————————│
1│/////////│
2│/////////│
3│///111///│
4│///1.1///│
5│11/111///│
6│.1///////│
7│.1111////│
8│....1////│
9│...11////│
—│—————————│
Set/unset mines marks or claim a cell as free:
> 1 7 free
 │123456789│
—│—————————│
1│/////////│
2│/////////│
3│///111///│
4│///1.1///│
5│11/111///│
6│.1///////│
7│11111////│
8│....1////│
9│...11////│
—│—————————│
Set/unset mines marks or claim a cell as free:
> 1 8 mine
 │123456789│
—│—————————│
1│/////////│
2│/////////│
3│///111///│
4│///1.1///│
5│11/111///│
6│.1///////│
7│11111////│
8│*...1////│
9│...11////│
—│—————————│
Set/unset mines marks or claim a cell as free:
> 4 8 free
 │123456789│
—│—————————│
1│/////////│
2│/////////│
3│///111///│
4│///1X1///│
5│11/111///│
6│X1///////│
7│11111////│
8│*..X1////│
9│...11////│
—│—————————│
You stepped on a mine and failed!
?[1;31m
Start test 61?[0m
How many mines do you want on the field?
> 4
 │123456789│
—│—————————│
1│.........│
2│.........│
3│.........│
4│.........│
5│.........│
6│.........│
7│.........│
8│.........│
9│.........│
—│—————————│
Set/unset mines marks or claim a cell as free:
> 9 4 free
 │123456789│
—│—————————│
1│..2//////│
2│..2//////│
3│111111///│
4│///1.1///│
5│///2.2///│
6│///1.1///│
7│///111///│
8│/////////│
9│/////////│
—│—————————│
Set/unset mines marks or claim a cell as free:
> 1 1 mine
 │123456789│
—│—————————│
1│*.2//////│
2│..2//////│
3│111111///│
4│///1.1///│
5│///2.2///│
6│///1.1///│
7│///111///│
8│/////////│
9│/////////│
—│—————————│
Set/unset mines marks or claim a cell as free:
> 2 2 mine
 │123456789│
—│—————————│
1│*.2//////│
2│.*2//////│
3│111111///│
4│///1.1///│
5│///2.2///│
6│///1.1///│
7│///111///│
8│/////////│
9│/////////│
—│—————————│
Set/unset mines marks or claim a cell as free:
> 5 6 free
 │123456789│
—│—————————│
1│*X2//////│
2│.X2//////│
3│111111///│
4│///1X1///│
5│///2.2///│
6│///1X1///│
7│///111///│
8│/////////│
9│/////////│
—│—————————│
You stepped on a mine and failed!
?[1;31m
Start test 62?[0m
How many mines do you want on the field?
> 4
 │123456789│
—│—————————│
1│.........│
2│.........│
3│.........│
4│.........│
5│.........│
6│.........│
7│.........│
8│.........│
9│.........│
—│—————————│
Set/unset mines marks or claim a cell as free:
> 4 8 mine
 │123456789│
—│—————————│
1│.........│
2│.........│
3│.........│
4│.........│
5│.........│
6│.........│
7│.........│
8│...*.....│
9│.........│
—│—————————│
Set/unset mines marks or claim a cell as free:
> 1 1 free
 │123456789│
—│—————————│
1│/1.1/////│
2│/1.1/////│
3│/111//111│
4│////112..│
5│////1.211│
6│////111//│
7│11///////│
8│.1///////│
9│.1///////│
—│—————————│
Set/unset mines marks or claim a cell as free:
> 8 4 free
 │123456789│
—│—————————│
1│/1.1/////│
2│/1X1/////│
3│/111//111│
4│////112X.│
5│////1X211│
6│////111//│
7│11///////│
8│X1///////│
9│.1///////│
—│—————————│
You stepped on a mine and failed!
?[1;31m
Start test 63?[0m
How many mines do you want on the field?
> 4
 │123456789│
—│—————————│
1│.........│
2│.........│
3│.........│
4│.........│
5│.........│
6│.........│
7│.........│
8│.........│
9│.........│
—│—————————│
Set/unset mines marks or claim a cell as free:
> 9 3 free
 │123456789│
—│—————————│
1│///1.1///│
2│/11211///│
3│/1.1/////│
4│/111//111│
5│//////1..│
6│//////1..│
7│////111..│
8│////1....│
9│////1....│
—│—————————│
Set/unset mines marks or claim a cell as free:
> 9 8 free
 │123456789│
—│—————————│
1│///1.1///│
2│/11211///│
3│/1.1/////│
4│/111//111│
5│//////1..│
6│//////111│
7│////111//│
8│////1.1//│
9│////1.1//│
—│—————————│
Set/unset mines marks or claim a cell as free:
> 9 5 free
 │123456789│
—│—————————│
1│///1.1///│
2│/11211///│
3│/1.1/////│
4│/111//111│
5│//////1.1│
6│//////111│
7│////111//│
8│////1.1//│
9│////1.1//│
—│—————————│
Set/unset mines marks or claim a cell as free:
> 6 9 free
 │123456789│
—│—————————│
1│///1.1///│
2│/11211///│
3│/1.1/////│
4│/111//111│
5│//////1.1│
6│//////111│
7│////111//│
8│////1.1//│
9│////111//│
—│—————————│
Set/unset mines marks or claim a cell as free:
> 6 8 free
 │123456789│
—│—————————│
1│///1X1///│
2│/11211///│
3│/1X1/////│
4│/111//111│
5│//////1X1│
6│//////111│
7│////111//│
8│////1X1//│
9│////111//│
—│—————————│
You stepped on a mine and failed!
?[1;31m
Start test 64?[0m
How many mines do you want on the field?
> 4
 │123456789│
—│—————————│
1│.........│
2│.........│
3│.........│
4│.........│
5│.........│
6│.........│
7│.........│
8│.........│
9│.........│
—│—————————│
Set/unset mines marks or claim a cell as free:
> 6 7 free
 │123456789│
—│—————————│
1│/////////│
2│/111/////│
3│/1.1111//│
4│/1111.1//│
5│////111//│
6│///////11│
7│/111///1.│
8│/1.1///11│
9│/1.1/////│
—│—————————│
Set/unset mines marks or claim a cell as free:
> 3 3 free
 │123456789│
—│—————————│
1│/////////│
2│/111/////│
3│/1X1111//│
4│/1111X1//│
5│////111//│
6│///////11│
7│/111///1X│
8│/1X1///11│
9│/1.1/////│
—│—————————│
You stepped on a mine and failed!
?[1;31m
Start test 65?[0m
How many mines do you want on the field?
> 4
 │123456789│
—│—————————│
1│.........│
2│.........│
3│.........│
4│.........│
5│.........│
6│.........│
7│.........│
8│.........│
9│.........│
—│—————————│
Set/unset mines marks or claim a cell as free:
> 2 1 free
 │123456789│
—│—————————│
1│////1.1//│
2│////1.1//│
3│/111111//│
4│/1.1/////│
5│/111/////│
6│/////////│
7│//////111│
8│//////2..│
9│//////2..│
—│—————————│
Set/unset mines marks or claim a cell as free:
> 3 4 free
 │123456789│
—│—————————│
1│////1.1//│
2│////1X1//│
3│/111111//│
4│/1X1/////│
5│/111/////│
6│/////////│
7│//////111│
8│//////2X.│
9│//////2X.│
—│—————————│
You stepped on a mine and failed!
?[1;31m
Start test 66?[0m
How many mines do you want on the field?
> 4
 │123456789│
—│—————————│
1│.........│
2│.........│
3│.........│
4│.........│
5│.........│
6│.........│
7│.........│
8│.........│
9│.........│
—│—————————│
Set/unset mines marks or claim a cell as free:
> 1 3 free
 │123456789│
—│—————————│
1│/////1.1/│
2│/////1.1/│
3│/////111/│
4│/////////│
5│/////////│
6│//111//11│
7│//1.2111.│
8│//112....│
9│////1....│
—│—————————│
Set/unset mines marks or claim a cell as free:
> 6 9 free
 │123456789│
—│—————————│
1│/////1.1/│
2│/////1.1/│
3│/////111/│
4│/////////│
5│/////////│
6│//111//11│
7│//1.2111.│
8│//112....│
9│////11...│
—│—————————│
Set/unset mines marks or claim a cell as free:
> 6 8 free
 │123456789│
—│—————————│
1│/////1.1/│
2│/////1X1/│
3│/////111/│
4│/////////│
5│/////////│
6│//111//11│
7│//1X2111X│
8│//112X...│
9│////11...│
—│—————————│
You stepped on a mine and failed!
?[1;31m
Start test 67?[0m
How many mines do you want on the field?
> 4
 │123456789│
—│—————————│
1│.........│
2│.........│
3│.........│
4│.........│
5│.........│
6│.........│
7│.........│
8│.........│
9│.........│
—│—————————│
Set/unset mines marks or claim a cell as free:
> 7 7 free
 │123456789│
—│—————————│
1│.........│
2│.........│
3│.........│
4│.........│
5│.........│
6│.........│
7│......2..│
8│.........│
9│.........│
—│—————————│
Set/unset mines marks or claim a cell as free:
> 7 8 mine
 │123456789│
—│—————————│
1│.........│
2│.........│
3│.........│
4│.........│
5│.........│
6│.........│
7│......2..│
8│......*..│
9│.........│
—│—————————│
Set/unset mines marks or claim a cell as free:
> 7 8 mine
 │123456789│
—│—————————│
1│.........│
2│.........│
3│.........│
4│.........│
5│.........│
6│.........│
7│......2..│
8│.........│
9│.........│
—│—————————│
Set/unset mines marks or claim a cell as free:
> 5 5 free
 │123456789│
—│—————————│
1│/////////│
2│/////////│
3│/////////│
4│///////11│
5│/////112.│
6│///112...│
7│///1..2..│
8│///111111│
9│/////////│
—│—————————│
Congratulations! You found all the mines!
?[1;31m
Start test 68?[0m
How many mines do you want on the field?
> 4
 │123456789│
—│—————————│
1│.........│
2│.........│
3│.........│
4│.........│
5│.........│
6│.........│
7│.........│
8│.........│
9│.........│
—│—————————│
Set/unset mines marks or claim a cell as free:
> 1 6 mine
 │123456789│
—│—————————│
1│.........│
2│.........│
3│.........│
4│.........│
5│.........│
6│*........│
7│.........│
8│.........│
9│.........│
—│—————————│
Set/unset mines marks or claim a cell as free:
> 3 4 mine
 │123456789│
—│—————————│
1│.........│
2│.........│
3│.........│
4│..*......│
5│.........│
6│*........│
7│.........│
8│.........│
9│.........│
—│—————————│
Set/unset mines marks or claim a cell as free:
> 9 9 free
 │123456789│
—│—————————│
1│..1//1.1/│
2│111//111/│
3│////111//│
4│////1.1//│
5│////111//│
6│/////////│
7│///111///│
8│///1.1///│
9│///1.1///│
—│—————————│
Set/unset mines marks or claim a cell as free:
> 1 1 free
 │123456789│
—│—————————│
1│1.1//1.1/│
2│111//111/│
3│////111//│
4│////1.1//│
5│////111//│
6│/////////│
7│///111///│
8│///1.1///│
9│///1.1///│
—│—————————│
Set/unset mines marks or claim a cell as free:
> 5 8 mine
 │123456789│
—│—————————│
1│1.1//1.1/│
2│111//111/│
3│////111//│
4│////1.1//│
5│////111//│
6│/////////│
7│///111///│
8│///1*1///│
9│///1.1///│
—│—————————│
Set/unset mines marks or claim a cell as free:
> 6 4 free
 │123456789│
—│—————————│
1│1X1//1X1/│
2│111//111/│
3│////111//│
4│////1X1//│
5│////111//│
6│/////////│
7│///111///│
8│///1X1///│
9│///1.1///│
—│—————————│
You stepped on a mine and failed!
?[1;31m
Start test 69?[0m
How many mines do you want on the field?
> 4
 │123456789│
—│—————————│
1│.........│
2│.........│
3│.........│
4│.........│
5│.........│
6│.........│
7│.........│
8│.........│
9│.........│
—│—————————│
Set/unset mines marks or claim a cell as free:
> 2 6 mine
 │123456789│
—│—————————│
1│.........│
2│.........│
3│.........│
4│.........│
5│.........│
6│.*.......│
7│.........│
8│.........│
9│.........│
—│—————————│
Set/unset mines marks or claim a cell as free:
> 4 7 free
 │123456789│
—│—————————│
1│//////1..│
2│111///111│
3│..1/111//│
4│111/1.1//│
5│////111//│
6│/////////│
7│/////111/│
8│/////1.1/│
9│/////1.1/│
—│—————————│
Set/unset mines marks or claim a cell as free:
> 2 3 free
 │123456789│
—│—————————│
1│//////1X.│
2│111///111│
3│.X1/111//│
4│111/1X1//│
5│////111//│
6│/////////│
7│/////111/│
8│/////1X1/│
9│/////1.1/│
—│—————————│
You stepped on a mine and failed!
?[1;31m
Start test 70?[0m
How many mines do you want on the field?
> 4
 │123456789│
—│—————————│
1│.........│
2│.........│
3│.........│
4│.........│
5│.........│
6│.........│
7│.........│
8│.........│
9│.........│
—│—————————│
Set/unset mines marks or claim a cell as free:
> 8 5 free
 │123456789│
—│—————————│
1│/1.1/////│
2│/111/////│
3│///111///│
4│///1.1///│
5│///111///│
6│/////////│
7│//111////│
8│//1.1/111│
9│//1.1/1..│
—│—————————│
Set/unset mines marks or claim a cell as free:
> 3 1 free
 │123456789│
—│—————————│
1│/1X1/////│
2│/111/////│
3│///111///│
4│///1X1///│
5│///111///│
6│/////////│
7│//111////│
8│//1X1/111│
9│//1.1/1X.│
—│—————————│
You stepped on a mine and failed!
?[1;31m
Start test 71?[0m
How many mines do you want on the field?
> 4
 │123456789│
—│—————————│
1│.........│
2│.........│
3│.........│
4│.........│
5│.........│
6│.........│
7│.........│
8│.........│
9│.........│
—│—————————│
Set/unset mines marks or claim a cell as free:
> 8 2 free
 │123456789│
—│—————————│
1│....2////│
2│....2////│
3│..211////│
4│111//////│
5│/////////│
6│///111///│
7│///1.1///│
8│///111///│
9│/////////│
—│—————————│
Set/unset mines marks or claim a cell as free:
> 4 2 free
 │123456789│
—│—————————│
1│...X2////│
2│...X2////│
3│.X211////│
4│111//////│
5│/////////│
6│///111///│
7│///1X1///│
8│///111///│
9│/////////│
—│—————————│
You stepped on a mine and failed!
?[1;31m
Start test 72?[0m
How many mines do you want on the field?
> 4
 │123456789│
—│—————————│
1│.........│
2│.........│
3│.........│
4│.........│
5│.........│
6│.........│
7│.........│
8│.........│
9│.........│
—│—————————│
Set/unset mines marks or claim a cell as free:
> 7 1 free
 │123456789│
—│—————————│
1│..1////1.│
2│..1////11│
3│111//////│
4│/////////│
5│/////////│
6│//111////│
7│//1.1/111│
8│//111/1..│
9│//////1..│
—│—————————│
Set/unset mines marks or claim a cell as free:
> 8 8 free
 │123456789│
—│—————————│
1│..1////1X│
2│.X1////11│
3│111//////│
4│/////////│
5│/////////│
6│//111////│
7│//1X1/111│
8│//111/1X.│
9│//////1..│
—│—————————│
You stepped on a mine and failed!
?[1;31m
Start test 73?[0m
How many mines do you want on the field?
> 4
 │123456789│
—│—————————│
1│.........│
2│.........│
3│.........│
4│.........│
5│.........│
6│.........│
7│.........│
8│.........│
9│.........│
—│—————————│
Set/unset mines marks or claim a cell as free:
> 4 5 free
 │123456789│
—│—————————│
1│.1///////│
2│.2///////│
3│.1///////│
4│11///////│
5│////111//│
6│////1.1//│
7│////111//│
8│///////11│
9│///////1.│
—│—————————│
Set/unset mines marks or claim a cell as free:
> 9 9 free
 │123456789│
—│—————————│
1│X1///////│
2│.2///////│
3│X1///////│
4│11///////│
5│////111//│
6│////1X1//│
7│////111//│
8│///////11│
9│///////1X│
—│—————————│
You stepped on a mine and failed!
?[1;31m
Start test 74?[0m
How many mines do you want on the field?
> 4
 │123456789│
—│—————————│
1│.........│
2│.........│
3│.........│
4│.........│
5│.........│
6│.........│
7│.........│
8│.........│
9│.........│
—│—————————│
Set/unset mines marks or claim a cell as free:
> 9 7 free
 │123456789│
—│—————————│
1│/////////│
2│/////////│
3│/////////│
4│/////////│
5│/////////│
6│1221/////│
7│...21////│
8│....1////│
9│....1////│
—│—————————│
Set/unset mines marks or claim a cell as free:
> 1 8 mine
 │123456789│
—│—————————│
1│/////////│
2│/////////│
3│/////////│
4│/////////│
5│/////////│
6│1221/////│
7│...21////│
8│*...1////│
9│....1////│
—│—————————│
Set/unset mines marks or claim a cell as free:
> 1 9 free
 │123456789│
—│—————————│
1│/////////│
2│/////////│
3│/////////│
4│/////////│
5│/////////│
6│1221/////│
7│...21////│
8│*...1////│
9│1...1////│
—│—————————│
Set/unset mines marks or claim a cell as free:
> 3 7 free
 │123456789│
—│—————————│
1│/////////│
2│/////////│
3│/////////│
4│/////////│
5│/////////│
6│1221/////│
7│.XX21////│
8│*..X1////│
9│1X..1////│
—│—————————│
You stepped on a mine and failed!
?[1;31m
Start test 75?[0m
How many mines do you want on the field?
> 4
 │123456789│
—│—————————│
1│.........│
2│.........│
3│.........│
4│.........│
5│.........│
6│.........│
7│.........│
8│.........│
9│.........│
—│—————————│
Set/unset mines marks or claim a cell as free:
> 5 7 free
 │123456789│
—│—————————│
1│.........│
2│.........│
3│.........│
4│.........│
5│.........│
6│.........│
7│....1....│
8│.........│
9│.........│
—│—————————│
Set/unset mines marks or claim a cell as free:
> 2 1 free
 │123456789│
—│—————————│
1│/////1.1/│
2│/////2.2/│
3│/////1.1/│
4│/////111/│
5│/111/////│
6│/1.21////│
7│/12.1////│
8│//111////│
9│/////////│
—│—————————│
Set/unset mines marks or claim a cell as free:
> 7 3 free
 │123456789│
—│—————————│
1│/////1X1/│
2│/////2.2/│
3│/////1X1/│
4│/////111/│
5│/111/////│
6│/1X21////│
7│/12X1////│
8│//111////│
9│/////////│
—│—————————│
You stepped on a mine and failed!
?[1;31m
Start test 76?[0m
How many mines do you want on the field?
> 4
 │123456789│
—│—————————│
1│.........│
2│.........│
3│.........│
4│.........│
5│.........│
6│.........│
7│.........│
8│.........│
9│.........│
—│—————————│
Set/unset mines marks or claim a cell as free:
> 8 6 free
 │123456789│
—│—————————│
1│/////////│
2│/////////│
3│/////////│
4│/////////│
5│111//////│
6│..21/////│
7│...1/////│
8│..21/111/│
9│..1//1.1/│
—│—————————│
Set/unset mines marks or claim a cell as free:
> 3 7 free
 │123456789│
—│—————————│
1│/////////│
2│/////////│
3│/////////│
4│/////////│
5│111//////│
6│.X21/////│
7│..X1/////│
8│.X21/111/│
9│..1//1X1/│
—│—————————│
You stepped on a mine and failed!
?[1;31m
Start test 77?[0m
How many mines do you want on the field?
> 4
 │123456789│
—│—————————│
1│.........│
2│.........│
3│.........│
4│.........│
5│.........│
6│.........│
7│.........│
8│.........│
9│.........│
—│—————————│
Set/unset mines marks or claim a cell as free:
> 3 2 free
 │123456789│
—│—————————│
1│//////1..│
2│//////1..│
3│//////111│
4│/////////│
5│/////////│
6│11/111///│
7│.1/1.1/11│
8│11/111/1.│
9│///////1.│
—│—————————│
Congratulations! You found all the mines!
?[1;31m
Start test 78?[0m
How many mines do you want on the field?
> 4
 │123456789│
—│—————————│
1│.........│
2│.........│
3│.........│
4│.........│
5│.........│
6│.........│
7│.........│
8│.........│
9│.........│
—│—————————│
Set/unset mines marks or claim a cell as free:
> 2 8 mine
 │123456789│
[...]
Set/unset mines marks or claim a cell as free:
> 1 3 mine
 │123456789│
—│—————————│
1│.........│
2│.........│
3│.........│
4│.*.......│
5│.........│
6│.........│
7│....3....│
8│1..2.....│
9│....2...1│
—│—————————│
Set/unset mines marks or claim a cell as free:
> 8 2 mine
 │123456789│
—│—————————│
1│.........│
2│.......*.│
3│.........│
4│.*.......│
5│.........│
6│.........│
7│....3....│
8│1..2.....│
9│....2...1│
—│—————————│
Set/unset mines marks or claim a cell as free:
> 6 3 free
 │123456789│
—│—————————│
1│.........│
2│.......*.│
3│.....2...│
4│.*.......│
5│.........│
6│.........│
7│....3....│
8│1..2.....│
9│....2...1│
—│—————————│
Set/unset mines marks or claim a cell as free:
> 2 4 mine
 │123456789│
—│—————————│
1│.........│
2│.......*.│
3│.....2...│
4│.........│
5│.........│
6│.........│
7│....3....│
8│1..2.....│
9│....2...1│
—│—————————│
Set/unset mines marks or claim a cell as free:
> 8 2 mine
 │123456789│
—│—————————│
1│.........│
2│.........│
3│.....2...│
4│.........│
5│.........│
6│.........│
7│....3....│
8│1..2.....│
9│....2...1│
—│—————————│
Set/unset mines marks or claim a cell as free:
> 5 5 free
 │123456789│
—│—————————│
1│.........│
2│.........│
3│.....2...│
4│.........│
5│....1....│
6│.........│
7│....3....│
8│1..2.....│
9│....2...1│
—│—————————│
Set/unset mines marks or claim a cell as free:
> 7 6 mine
 │123456789│
—│—————————│
1│.........│
2│.........│
3│.....2...│
4│.........│
5│....1....│
6│......*..│
7│....3....│
8│1..2.....│
9│....2...1│
—│—————————│
Set/unset mines marks or claim a cell as free:
> 7 3 mine
 │123456789│
—│—————————│
1│.........│
2│.........│
3│.....2*..│
4│.........│
5│....1....│
6│......*..│
7│....3....│
8│1..2.....│
9│....2...1│
—│—————————│
Set/unset mines marks or claim a cell as free:
> 8 9 free
 │123456789│
—│—————————│
1│.........│
2│.........│
3│.....2*..│
4│.........│
5│....1....│
6│......*..│
7│....3....│
8│1..2.....│
9│....2..11│
—│—————————│
Set/unset mines marks or claim a cell as free:
> 7 6 mine
 │123456789│
—│—————————│
1│.........│
2│.........│
3│.....2*..│
4│.........│
5│....1....│
6│.........│
7│....3....│
8│1..2.....│
9│....2..11│
—│—————————│
Set/unset mines marks or claim a cell as free:
> 8 8 free
 │123456789│
—│—————————│
1│...XX.XX.│
2│X.XXX..X.│
3│.XXX.2*..│
4│......X..│
5│....1X..X│
6│X.......X│
7│...X3.XXX│
8│1X.2XX.X.│
9│....2..11│
—│—————————│
You stepped on a mine and failed!
?[1;31m
Start test 98?[0m
How many mines do you want on the field?
> 25
 │123456789│
—│—————————│
1│.........│
2│.........│
3│.........│
4│.........│
5│.........│
6│.........│
7│.........│
8│.........│
9│.........│
—│—————————│
Set/unset mines marks or claim a cell as free:
> 8 5 free
 │123456789│
—│—————————│
1│.........│
2│.........│
3│.........│
4│.........│
5│.......4.│
6│.........│
7│.........│
8│.........│
9│.........│
—│—————————│
Set/unset mines marks or claim a cell as free:
> 9 2 mine
 │123456789│
—│—————————│
1│.........│
2│........*│
3│.........│
4│.........│
5│.......4.│
6│.........│
7│.........│
8│.........│
9│.........│
—│—————————│
Set/unset mines marks or claim a cell as free:
> 9 2 mine
 │123456789│
—│—————————│
1│.........│
2│.........│
3│.........│
4│.........│
5│.......4.│
6│.........│
7│.........│
8│.........│
9│.........│
—│—————————│
Set/unset mines marks or claim a cell as free:
> 5 8 free
 │123456789│
—│—————————│
1│.........│
2│.........│
3│.........│
4│.........│
5│.......4.│
6│.........│
7│.........│
8│....4....│
9│.........│
—│—————————│
Set/unset mines marks or claim a cell as free:
> 6 5 free
 │123456789│
—│—————————│
1│.........│
2│.........│
3│.........│
4│.........│
5│.....1.4.│
6│.........│
7│.........│
8│....4....│
9│.........│
—│—————————│
Set/unset mines marks or claim a cell as free:
> 2 4 free
 │123456789│
—│—————————│
1│.........│
2│.........│
3│.........│
4│.2.......│
5│.....1.4.│
6│.........│
7│.........│
8│....4....│
9│.........│
—│—————————│
Set/unset mines marks or claim a cell as free:
> 6 6 free
 │123456789│
—│—————————│
1│.........│
2│.........│
3│.........│
4│.2.......│
5│.....1.4.│
6│.....3...│
7│.........│
8│....4....│
9│.........│
—│—————————│
Set/unset mines marks or claim a cell as free:
> 8 9 free
 │123456789│
—│—————————│
1│.........│
2│.........│
3│.........│
4│.2.......│
5│.....1.4.│
6│.....3...│
7│.........│
8│....4....│
9│.......2.│
—│—————————│
Set/unset mines marks or claim a cell as free:
> 3 8 mine
 │123456789│
—│—————————│
1│.........│
2│.........│
3│.........│
4│.2.......│
5│.....1.4.│
6│.....3...│
7│.........│
8│..*.4....│
9│.......2.│
—│—————————│
Set/unset mines marks or claim a cell as free:
> 3 6 free
 │123456789│
—│—————————│
1│.........│
2│.........│
3│.........│
4│.2.......│
5│.....1.4.│
6│..2..3...│
7│.........│
8│..*.4....│
9│.......2.│
—│—————————│
Set/unset mines marks or claim a cell as free:
> 5 6 free
 │123456789│
—│—————————│
1│.........│
2│.........│
3│.........│
4│.2.......│
5│.....1.4.│
6│..2.23...│
7│.........│
8│..*.4....│
9│.......2.│
—│—————————│
Set/unset mines marks or claim a cell as free:
> 6 2 mine
 │123456789│
—│—————————│
1│.........│
2│.....*...│
3│.........│
4│.2.......│
5│.....1.4.│
6│..2.23...│
7│.........│
8│..*.4....│
9│.......2.│
—│—————————│
Set/unset mines marks or claim a cell as free:
> 9 7 free
 │123456789│
—│—————————│
1│.........│
2│.....*...│
3│.........│
4│.2.......│
5│.....1.4.│
6│..2.23...│
7│........2│
8│..*.4....│
9│.......2.│
—│—————————│
Set/unset mines marks or claim a cell as free:
> 7 1 free
 │123456789│
—│—————————│
1│......2..│
2│.....*...│
3│.........│
4│.2.......│
5│.....1.4.│
6│..2.23...│
7│........2│
8│..*.4....│
9│.......2.│
—│—————————│
Set/unset mines marks or claim a cell as free:
> 7 9 mine
 │123456789│
—│—————————│
1│......2..│
2│.....*...│
3│.........│
4│.2.......│
5│.....1.4.│
6│..2.23...│
7│........2│
8│..*.4....│
9│......*2.│
—│—————————│
Set/unset mines marks or claim a cell as free:
> 3 2 free
 │123456789│
—│—————————│
1│......2..│
2│..2..*...│
3│.........│
4│.2.......│
5│.....1.4.│
6│..2.23...│
7│........2│
8│..*.4....│
9│......*2.│
—│—————————│
Set/unset mines marks or claim a cell as free:
> 8 8 free
 │123456789│
—│—————————│
1│......2..│
2│..2..*...│
3│.........│
4│.2.......│
5│.....1.4.│
6│..2.23...│
7│........2│
8│..*.4..4.│
9│......*2.│
—│—————————│
Set/unset mines marks or claim a cell as free:
> 4 6 free
 │123456789│
—│—————————│
1│......2..│
2│..2..*...│
3│.........│
4│.2.......│
5│.....1.4.│
6│..2223...│
7│........2│
8│..*.4..4.│
9│......*2.│
—│—————————│
Set/unset mines marks or claim a cell as free:
> 9 2 free
 │123456789│
—│—————————│
1│......2..│
2│..2..*..2│
3│.........│
4│.2.......│
5│.....1.4.│
6│..2223...│
7│........2│
8│..*.4..4.│
9│......*2.│
—│—————————│
Set/unset mines marks or claim a cell as free:
> 3 1 free
 │123456789│
—│—————————│
1│..XXXX2..│
2│..2..*.X2│
3│....XX..X│
4│.2.X...XX│
5│X.X.X1.4X│
6│..2223.X.│
7│.X...XXX2│
8│..*X4XX4.│
9│.....XX2.│
—│—————————│
You stepped on a mine and failed!
?[1;31m
Start test 99?[0m
How many mines do you want on the field?
> 30
 │123456789│
—│—————————│
1│.........│
2│.........│
3│.........│
4│.........│
5│.........│
6│.........│
7│.........│
8│.........│
9│.........│
—│—————————│
Set/unset mines marks or claim a cell as free:
> 8 1 mine
 │123456789│
—│—————————│
1│.......*.│
2│.........│
3│.........│
4│.........│
5│.........│
6│.........│
7│.........│
8│.........│
9│.........│
—│—————————│
Set/unset mines marks or claim a cell as free:
> 8 1 mine
 │123456789│
—│—————————│
1│.........│
2│.........│
3│.........│
4│.........│
5│.........│
6│.........│
7│.........│
8│.........│
9│.........│
—│—————————│
Set/unset mines marks or claim a cell as free:
> 9 7 free
 │123456789│
—│—————————│
1│.........│
2│.........│
3│.........│
4│.........│
5│.........│
6│.........│
7│........3│
8│.........│
9│.........│
—│—————————│
Set/unset mines marks or claim a cell as free:
> 8 1 free
 │123456789│
—│—————————│
1│......1//│
2│......31/│
3│.......31│
4│.........│
5│.........│
6│.........│
7│........3│
8│.........│
9│.........│
—│—————————│
Set/unset mines marks or claim a cell as free:
> 8 5 free
 │123456789│
—│—————————│
1│......1//│
2│......31/│
3│.......31│
4│.........│
5│.......4.│
6│.........│
7│........3│
8│.........│
9│.........│
—│—————————│
Set/unset mines marks or claim a cell as free:
> 9 6 mine
 │123456789│
—│—————————│
1│......1//│
2│......31/│
3│.......31│
4│.........│
5│.......4.│
6│........*│
7│........3│
8│.........│
9│.........│
—│—————————│
Set/unset mines marks or claim a cell as free:
> 4 9 mine
 │123456789│
—│—————————│
1│......1//│
2│......31/│
3│.......31│
4│.........│
5│.......4.│
6│........*│
7│........3│
8│.........│
9│...*.....│
—│—————————│
Set/unset mines marks or claim a cell as free:
> 3 7 free
 │123456789│
—│—————————│
1│X.XXX.1//│
2│.....X31/│
3│X..X.XX31│
4│X.X.X.XX.│
5│.X.X.X.4.│
6│.....XX.X│
7│..X..XXX3│
8│..XX....X│
9│X.X*....X│
—│—————————│
You stepped on a mine and failed!
?[1;31m
Start test 100?[0m
How many mines do you want on the field?
> 30
 │123456789│
—│—————————│
1│.........│
2│.........│
3│.........│
4│.........│
5│.........│
6│.........│
7│.........│
8│.........│
9│.........│
—│—————————│
Set/unset mines marks or claim a cell as free:
> 4 4 mine
 │123456789│
—│—————————│
1│.........│
2│.........│
3│.........│
4│...*.....│
5│.........│
6│.........│
7│.........│
8│.........│
9│.........│
—│—————————│
Set/unset mines marks or claim a cell as free:
> 7 7 free
 │123456789│
—│—————————│
1│.........│
2│.........│
3│.........│
4│...*.....│
5│.........│
6│.........│
7│......3..│
8│.........│
9│.........│
—│—————————│
Set/unset mines marks or claim a cell as free:
> 4 4 mine
 │123456789│
—│—————————│
1│.........│
2│.........│
3│.........│
4│.........│
5│.........│
6│.........│
7│......3..│
8│.........│
9│.........│
—│—————————│
Set/unset mines marks or claim a cell as free:
> 3 2 free
 │123456789│
—│—————————│
1│.........│
2│..1......│
3│.........│
4│.........│
5│.........│
6│.........│
7│......3..│
8│.........│
9│.........│
—│—————————│
Set/unset mines marks or claim a cell as free:
> 1 9 free
 │123456789│
—│—————————│
1│.........│
2│..1......│
3│.........│
4│.........│
5│.........│
6│.........│
7│......3..│
8│.........│
9│1........│
—│—————————│
Set/unset mines marks or claim a cell as free:
> 5 8 free
 │123456789│
—│—————————│
1│X......XX│
2│..1X..XXX│
3│X....X..X│
4│.X..X...X│
5│X.XXXX.X.│
6│....X....│
7│.X.X.X3XX│
8│.X..XX..X│
9│1..X.....│
—│—————————│
You stepped on a mine and failed!
?[1;31m
Start test 101?[0m
How many mines do you want on the field?
> 35
 │123456789│
—│—————————│
1│.........│
2│.........│
3│.........│
4│.........│
5│.........│
6│.........│
7│.........│
8│.........│
9│.........│
—│—————————│
Set/unset mines marks or claim a cell as free:
> 9 2 free
 │123456789│
—│—————————│
1│.........│
2│........1│
3│.........│
4│.........│
5│.........│
6│.........│
7│.........│
8│.........│
9│.........│
—│—————————│
Set/unset mines marks or claim a cell as free:
> 3 4 free
 │123456789│
—│—————————│
1│.XX.X....│
2│XXX..XXX1│
3│...X..X..│
4│..X..X.X.│
5│...X.XX.X│
6│.XX...X.X│
7│XXX.....X│
8│.XXXX.X..│
9│.XXX..X..│
—│—————————│
You stepped on a mine and failed!
?[1;31m
Start test 102?[0m
How many mines do you want on the field?
> 35
 │123456789│
—│—————————│
1│.........│
2│.........│
3│.........│
4│.........│
5│.........│
6│.........│
7│.........│
8│.........│
9│.........│
—│—————————│
Set/unset mines marks or claim a cell as free:
> 2 1 mine
 │123456789│
—│—————————│
1│.*.......│
2│.........│
3│.........│
4│.........│
5│.........│
6│.........│
7│.........│
8│.........│
9│.........│
—│—————————│
Set/unset mines marks or claim a cell as free:
> 2 1 mine
 │123456789│
—│—————————│
1│.........│
2│.........│
3│.........│
4│.........│
5│.........│
6│.........│
7│.........│
8│.........│
9│.........│
—│—————————│
Set/unset mines marks or claim a cell as free:
> 7 8 mine
 │123456789│
—│—————————│
1│.........│
2│.........│
3│.........│
4│.........│
5│.........│
6│.........│
7│.........│
8│......*..│
9│.........│
—│—————————│
Set/unset mines marks or claim a cell as free:
> 6 8 free
 │123456789│
—│—————————│
1│XX....XXX│
2│..XXX...X│
3│.....X...│
4│..X...XX.│
5│XX.X..X.X│
6│X.XXX..XX│
7│.X.X.X.X.│
8│.XX.XX*X.│
9│X.......X│
—│—————————│
You stepped on a mine and failed!
?[1;31m
Start test 103?[0m
How many mines do you want on the field?
> 40
 │123456789│
—│—————————│
1│.........│
2│.........│
3│.........│
4│.........│
5│.........│
6│.........│
7│.........│
8│.........│
9│.........│
—│—————————│
Set/unset mines marks or claim a cell as free:
> 8 5 mine
 │123456789│
—│—————————│
1│.........│
2│.........│
3│.........│
4│.........│
5│.......*.│
6│.........│
7│.........│
8│.........│
9│.........│
—│—————————│
Set/unset mines marks or claim a cell as free:
> 1 6 free
 │123456789│
—│—————————│
1│.........│
2│.........│
3│.........│
4│.........│
5│.......*.│
6│2........│
7│.........│
8│.........│
9│.........│
—│—————————│
Congratulations! You found all the mines!
?[1;31m
Start test 104?[0m
How many mines do you want on the field?
> 40
 │123456789│
—│—————————│
1│.........│
2│.........│
3│.........│
4│.........│
5│.........│
6│.........│
7│.........│
8│.........│
9│.........│
—│—————————│
Set/unset mines marks or claim a cell as free:
> 5 8 free
 │123456789│
—│—————————│
1│..XX...X.│
2│X..XXX.XX│
3│X.XX..XXX│
4│X..X.XXXX│
5│.X.X...X.│
6│...XX.X.X│
7│.X...XXXX│
8│..X.X.X..│
9│X.XX....X│
—│—————————│
You stepped on a mine and failed!
?[1;31m
Start test 105?[0m
How many mines do you want on the field?
> 45
 │123456789│
—│—————————│
1│.........│
2│.........│
3│.........│
4│.........│
5│.........│
6│.........│
7│.........│
8│.........│
9│.........│
—│—————————│
Set/unset mines marks or claim a cell as free:
> 3 3 free
 │123456789│
—│—————————│
1│X.XXXXXX.│
2│.X...XXX.│
3│XXXX.XXXX│
4│..X.XXXX.│
5│XXX..X..X│
6│..XXX..XX│
7│XX....X..│
8│XXX...XX.│
9│..XX....X│
—│—————————│
You stepped on a mine and failed!
?[1;31m
Start test 106?[0m
How many mines do you want on the field?
> 45
 │123456789│
—│—————————│
1│.........│
2│.........│
3│.........│
4│.........│
5│.........│
6│.........│
7│.........│
8│.........│
9│.........│
—│—————————│
Set/unset mines marks or claim a cell as free:
> 5 2 mine
 │123456789│
—│—————————│
1│.........│
2│....*....│
3│.........│
4│.........│
5│.........│
6│.........│
7│.........│
8│.........│
9│.........│
—│—————————│
Set/unset mines marks or claim a cell as free:
> 9 3 free
 │123456789│
—│—————————│
1│...X...X.│
2│XX.X*X..X│
3│X..XX..XX│
4│X.XXX.XX.│
5│X...XX..X│
6│X.XXX....│
7│.XXX....X│
8│X.XXXXXXX│
9│XXX..XXXX│
—│—————————│
You stepped on a mine and failed!
?[1;31m
Start test 107?[0m
How many mines do you want on the field?
> 50
 │123456789│
—│—————————│
1│.........│
2│.........│
3│.........│
4│.........│
5│.........│
6│.........│
7│.........│
8│.........│
9│.........│
—│—————————│
Set/unset mines marks or claim a cell as free:
> 8 9 free
 │123456789│
—│—————————│
1│X.X....X.│
2│.X.XXX.XX│
3│XXXX..XX.│
4│XXXXXXX..│
5│XX.XXXXX.│
6│.XX....XX│
7│.XX....XX│
8│.XXXXXX.X│
9│..XXXXXX.│
—│—————————│
You stepped on a mine and failed!
?[1;31m
Start test 108?[0m
How many mines do you want on the field?
> 50
 │123456789│
—│—————————│
1│.........│
2│.........│
3│.........│
4│.........│
5│.........│
6│.........│
7│.........│
8│.........│
9│.........│
—│—————————│
Set/unset mines marks or claim a cell as free:
> 1 8 mine
 │123456789│
—│—————————│
1│.........│
2│.........│
3│.........│
4│.........│
5│.........│
6│.........│
7│.........│
8│*........│
9│.........│
—│—————————│
Set/unset mines marks or claim a cell as free:
> 1 8 mine
 │123456789│
—│—————————│
1│.........│
2│.........│
3│.........│
4│.........│
5│.........│
6│.........│
7│.........│
8│.........│
9│.........│
—│—————————│
Set/unset mines marks or claim a cell as free:
> 3 5 free
 │123456789│
—│—————————│
1│.........│
2│.........│
3│.........│
4│.........│
5│..5......│
6│.........│
7│.........│
8│.........│
9│.........│
—│—————————│
Set/unset mines marks or claim a cell as free:
> 6 9 free
 │123456789│
—│—————————│
1│.........│
2│.........│
3│.........│
4│.........│
5│..5......│
6│.........│
7│.........│
8│.........│
9│.....2...│
—│—————————│
Set/unset mines marks or claim a cell as free:
> 5 4 mine
 │123456789│
—│—————————│
1│.........│
2│.........│
3│.........│
4│....*....│
5│..5......│
6│.........│
7│.........│
8│.........│
9│.....2...│
—│—————————│
Set/unset mines marks or claim a cell as free:
> 2 5 mine
 │123456789│
—│—————————│
1│.........│
2│.........│
3│.........│
4│....*....│
5│.*5......│
6│.........│
7│.........│
8│.........│
9│.....2...│
—│—————————│
Set/unset mines marks or claim a cell as free:
> 9 1 free
 │123456789│
—│—————————│
1│X...XXXXX│
2│.XX..XXXX│
3│.XXXXXXXX│
4│X.XXX.X.X│
5│.X5.X.XXX│
6│XXX..XXXX│
7│X.XXX.X..│
8│.XX..X.X.│
9│X....2XX.│
—│—————————│
You stepped on a mine and failed!
?[1;31m
Start test 109?[0m
How many mines do you want on the field?
> 55
 │123456789│
—│—————————│
1│.........│
2│.........│
3│.........│
4│.........│
5│.........│
6│.........│
7│.........│
8│.........│
9│.........│
—│—————————│
Set/unset mines marks or claim a cell as free:
> 2 4 free
 │123456789│
—│—————————│
1│XXX...X..│
2│X.XXXXXXX│
3│XX.X.XX..│
4│XXX..XX.X│
5│.X..XXX.X│
6│XXXXXXXXX│
7│XXXX..X..│
8│XXXX.XXXX│
9│X.XXX...X│
—│—————————│
You stepped on a mine and failed!
?[1;31m
Start test 110?[0m
How many mines do you want on the field?
> 55
 │123456789│
—│—————————│
1│.........│
2│.........│
3│.........│
4│.........│
5│.........│
6│.........│
7│.........│
8│.........│
9│.........│
—│—————————│
Set/unset mines marks or claim a cell as free:
> 1 3 free
 │123456789│
—│—————————│
1│.........│
2│.........│
3│3........│
4│.........│
5│.........│
6│.........│
7│.........│
8│.........│
9│.........│
—│—————————│
Set/unset mines marks or claim a cell as free:
> 2 4 free
 │123456789│
—│—————————│
1│X.XXXXXXX│
2│..X..XX.X│
3│3XX.XX.XX│
4│XXXX.X.XX│
5│.X.XX.XX.│
6│XXX.XXX.X│
7│XX.XXXXXX│
8│XXX.X.X..│
9│....XXXXX│
—│—————————│
You stepped on a mine and failed!
?[1;31m
Start test 111?[0m
How many mines do you want on the field?
> 60
 │123456789│
—│—————————│
1│.........│
2│.........│
3│.........│
4│.........│
5│.........│
6│.........│
7│.........│
8│.........│
9│.........│
—│—————————│
Set/unset mines marks or claim a cell as free:
> 2 5 free
 │123456789│
—│—————————│
1│XXXXX..XX│
2│..XXXXXXX│
3│XX.XXXXXX│
4│XX.XXXXX.│
5│XXX.XX..X│
6│..XXXXXXX│
7│.XX.X.X.X│
8│X.XX..XX.│
9│XXXXX.XXX│
—│—————————│
You stepped on a mine and failed!
?[1;31m
Start test 112?[0m
How many mines do you want on the field?
> 60
 │123456789│
—│—————————│
1│.........│
2│.........│
3│.........│
4│.........│
5│.........│
6│.........│
7│.........│
8│.........│
9│.........│
—│—————————│
Set/unset mines marks or claim a cell as free:
> 9 7 free
 │123456789│
—│—————————│
1│XXXXXX..X│
2│XXXX..X.X│
3│XX....XXX│
4│XX.XXXX.X│
5│XXXXX..X.│
6│.X.XXXXXX│
7│.XXXXX.XX│
8│XXXXXXXXX│
9│XX.XXX..X│
—│—————————│
You stepped on a mine and failed!
?[1;31m
Start test 113?[0m
How many mines do you want on the field?
> 65
 │123456789│
—│—————————│
1│.........│
2│.........│
3│.........│
4│.........│
5│.........│
6│.........│
7│.........│
8│.........│
9│.........│
—│—————————│
Set/unset mines marks or claim a cell as free:
> 3 3 free
 │123456789│
—│—————————│
1│XXXXXXXXX│
2│XXXXXX..X│
3│XXXX....X│
4│XX.X.XX.X│
5│XXXXX..XX│
6│XX.XXXXXX│
7│XXX.XXX.X│
8│XXXXXXX.X│
9│XXXXXXX.X│
—│—————————│
You stepped on a mine and failed!
?[1;31m
Start test 114?[0m
How many mines do you want on the field?
> 65
 │123456789│
—│—————————│
1│.........│
2│.........│
3│.........│
4│.........│
5│.........│
6│.........│
7│.........│
8│.........│
9│.........│
—│—————————│
Set/unset mines marks or claim a cell as free:
> 5 7 free
 │123456789│
—│—————————│
1│XXXXXXXX.│
2│XXXXXXXX.│
3│..XXX.XXX│
4│XX.XXX..X│
5│XXXXXXX..│
6│XX..XXXXX│
7│X.X.XXXXX│
8│XXXXXXXX.│
9│XX.XXXXXX│
—│—————————│
You stepped on a mine and failed!
]]></system-out>
  <system-err><![CDATA[]]></system-err>
</testsuite>
